2023-12-18 12:04:34,463 1 INFO ? odoo: Odoo version 15.0-20230925 
2023-12-18 12:04:34,466 1 INFO ? odoo: Using configuration file at /etc/odoo/odoo.conf 
2023-12-18 12:04:34,468 1 INFO ? odoo: addons paths: ['/usr/lib/python3/dist-packages/odoo/addons', '/etc/odoo/addons/15.0', '/mnt/extra-addons'] 
2023-12-18 12:04:34,470 1 INFO ? odoo: database: odoo@db:5432 
2023-12-18 12:04:34,771 1 INFO ? odoo.addons.base.models.ir_actions_report: Will use the Wkhtmltopdf binary at /usr/local/bin/wkhtmltopdf 
2023-12-18 12:04:35,026 1 INFO ? odoo.service.server: HTTP service (werkzeug) running on 063b892fd9f9:8069 
2023-12-18 12:04:35,884 1 INFO ? odoo.http: HTTP Configuring static files 
2023-12-18 12:04:36,534 1 INFO DBBCS odoo.modules.loading: loading 1 modules... 
2023-12-18 12:04:36,549 1 INFO DBBCS odoo.modules.loading: 1 modules loaded in 0.01s, 0 queries (+0 extra) 
2023-12-18 12:04:36,901 1 INFO DBBCS odoo.modules.loading: loading 36 modules... 
2023-12-18 12:04:38,477 1 WARNING DBBCS odoo.models: The model login.image has no _description 
2023-12-18 12:04:38,701 1 WARNING DBBCS odoo.models: The model login.image has no _description 
2023-12-18 12:04:39,033 1 INFO DBBCS odoo.modules.loading: 36 modules loaded in 2.13s, 0 queries (+0 extra) 
2023-12-18 12:04:39,259 1 INFO DBBCS odoo.modules.loading: Modules loaded. 
2023-12-18 12:04:39,291 1 INFO DBBCS odoo.modules.registry: Registry loaded in 3.377s 
2023-12-18 12:04:39,312 1 INFO DBBCS odoo.addons.base.models.ir_http: Generating routing map for key 1 
2023-12-18 12:04:40,407 1 ERROR DBBCS odoo.sql_db: bad query: SELECT "res_users"."id" as "id", "res_users"."partner_id" as "partner_id", "res_users"."login" as "login", "res_users"."signature" as "signature", "res_users"."active" as "active", "res_users"."action_id" as "action_id", "res_users"."share" as "share", "res_users"."company_id" as "company_id", "res_users"."create_uid" as "create_uid", "res_users"."create_date" as "create_date", "res_users"."write_uid" as "write_uid", "res_users"."write_date" as "write_date", "res_users"."N_farms" as "N_farms", "res_users"."notification_type" as "notification_type", "res_users"."odoobot_state" as "odoobot_state", "res_users"."odoobot_failed" as "odoobot_failed", "res_users"."website_id" as "website_id" FROM "res_users" WHERE "res_users".id IN (2)
ERROR: column res_users.N_farms does not exist
LINE 1: ...e_uid", "res_users"."write_date" as "write_date", "res_users...
                                                             ^
 
2023-12-18 12:04:40,803 1 INFO DBBCS werkzeug: 172.20.0.1 - - [18/Dec/2023 12:04:40] "GET /web HTTP/1.1" 500 - 232 0.935 3.966
2023-12-18 12:04:40,847 1 ERROR DBBCS werkzeug: Error on request:
Traceback (most recent call last):
  File "/usr/lib/python3/dist-packages/odoo/api.py", line 886, in get
    return field_cache[record._ids[0]]
KeyError: 2

During handling of the above exception, another exception occurred:

Traceback (most recent call last):
  File "/usr/lib/python3/dist-packages/odoo/fields.py", line 1082, in __get__
    value = env.cache.get(record, self)
  File "/usr/lib/python3/dist-packages/odoo/api.py", line 889, in get
    raise CacheMiss(record, field)
odoo.exceptions.CacheMiss: 'res.users(2,).login'

The above exception was the direct cause of the following exception:

Traceback (most recent call last):
  File "/usr/lib/python3/dist-packages/odoo/addons/base/models/ir_http.py", line 237, in _dispatch
    result = request.dispatch()
  File "/usr/lib/python3/dist-packages/odoo/http.py", line 815, in dispatch
    r = self._call_function(**self.params)
  File "/usr/lib/python3/dist-packages/odoo/http.py", line 368, in _call_function
    return checked_call(self.db, *args, **kwargs)
  File "/usr/lib/python3/dist-packages/odoo/service/model.py", line 94, in wrapper
    return f(dbname, *args, **kwargs)
  File "/usr/lib/python3/dist-packages/odoo/http.py", line 357, in checked_call
    result = self.endpoint(*a, **kw)
  File "/usr/lib/python3/dist-packages/odoo/http.py", line 921, in __call__
    return self.method(*args, **kw)
  File "/usr/lib/python3/dist-packages/odoo/http.py", line 546, in response_wrap
    response = f(*args, **kw)
  File "/usr/lib/python3/dist-packages/odoo/addons/portal/controllers/web.py", line 26, in web_client
    return super(Home, self).web_client(s_action, **kw)
  File "/usr/lib/python3/dist-packages/odoo/http.py", line 546, in response_wrap
    response = f(*args, **kw)
  File "/usr/lib/python3/dist-packages/odoo/addons/web/controllers/main.py", line 826, in web_client
    context = request.env['ir.http'].webclient_rendering_context()
  File "/usr/lib/python3/dist-packages/odoo/addons/web/models/ir_http.py", line 22, in webclient_rendering_context
    'session_info': self.session_info(),
  File "/usr/lib/python3/dist-packages/odoo/addons/partner_autocomplete/models/ir_http.py", line 13, in session_info
    session_info = super(Http, self).session_info()
  File "/usr/lib/python3/dist-packages/odoo/addons/mail_bot/models/ir_http.py", line 11, in session_info
    res = super(Http, self).session_info()
  File "/usr/lib/python3/dist-packages/odoo/addons/mail/models/ir_http.py", line 15, in session_info
    result = super(IrHttp, self).session_info()
  File "/usr/lib/python3/dist-packages/odoo/addons/google_recaptcha/models/ir_http.py", line 17, in session_info
    session_info = super().session_info()
  File "/usr/lib/python3/dist-packages/odoo/addons/web_tour/models/ir_http.py", line 12, in session_info
    result = super().session_info()
  File "/usr/lib/python3/dist-packages/odoo/addons/base_setup/models/ir_http.py", line 11, in session_info
    result = super(IrHttp, self).session_info()
  File "/usr/lib/python3/dist-packages/odoo/addons/auth_totp/models/ir_http.py", line 9, in session_info
    info = super().session_info()
  File "/usr/lib/python3/dist-packages/odoo/addons/web/models/ir_http.py", line 51, in session_info
    "username": user.login,
  File "/usr/lib/python3/dist-packages/odoo/fields.py", line 1108, in __get__
    recs._fetch_field(self)
  File "/usr/lib/python3/dist-packages/odoo/models.py", line 3284, in _fetch_field
    self._read(fnames)
  File "/usr/lib/python3/dist-packages/odoo/addons/base/models/res_users.py", line 459, in _read
    super(Users, self)._read(fields)
  File "/usr/lib/python3/dist-packages/odoo/models.py", line 3351, in _read
    cr.execute(query_str, params + [sub_ids])
  File "<decorator-gen-3>", line 2, in execute
    
  File "/usr/lib/python3/dist-packages/odoo/sql_db.py", line 90, in check
    return f(self, *args, **kwargs)
  File "/usr/lib/python3/dist-packages/odoo/sql_db.py", line 311, in execute
    res = self._obj.execute(query, params)
Exception

The above exception was the direct cause of the following exception:

Traceback (most recent call last):
  File "/usr/lib/python3/dist-packages/werkzeug/serving.py", line 323, in run_wsgi
    execute(self.server.app)
  File "/usr/lib/python3/dist-packages/werkzeug/serving.py", line 312, in execute
    application_iter = app(environ, start_response)
  File "/usr/lib/python3/dist-packages/odoo/service/server.py", line 482, in app
    return self.app(e, s)
  File "/usr/lib/python3/dist-packages/odoo/service/wsgi_server.py", line 112, in application
    return application_unproxied(environ, start_response)
  File "/usr/lib/python3/dist-packages/odoo/service/wsgi_server.py", line 87, in application_unproxied
    result = odoo.http.root(environ, start_response)
  File "/usr/lib/python3/dist-packages/odoo/http.py", line 1305, in __call__
    return self.dispatch(environ, start_response)
  File "/usr/lib/python3/dist-packages/odoo/http.py", line 1271, in __call__
    return self.app(environ, start_wrapped)
  File "/usr/lib/python3/dist-packages/werkzeug/middleware/shared_data.py", line 260, in __call__
    return self.app(environ, start_response)
  File "/usr/lib/python3/dist-packages/odoo/http.py", line 1500, in dispatch
    result = ir_http._dispatch()
  File "/usr/lib/python3/dist-packages/odoo/addons/website/models/ir_http.py", line 198, in _dispatch
    response = super(Http, cls)._dispatch()
  File "/usr/lib/python3/dist-packages/odoo/addons/auth_signup/models/ir_http.py", line 19, in _dispatch
    return super(Http, cls)._dispatch()
  File "/usr/lib/python3/dist-packages/odoo/addons/web_editor/models/ir_http.py", line 21, in _dispatch
    return super(IrHttp, cls)._dispatch()
  File "/usr/lib/python3/dist-packages/odoo/addons/utm/models/ir_http.py", line 29, in _dispatch
    response = super(IrHttp, cls)._dispatch()
  File "/usr/lib/python3/dist-packages/odoo/addons/http_routing/models/ir_http.py", line 519, in _dispatch
    result = super(IrHttp, cls)._dispatch()
  File "/usr/lib/python3/dist-packages/odoo/addons/base/models/ir_http.py", line 241, in _dispatch
    return cls._handle_exception(e)
  File "/usr/lib/python3/dist-packages/odoo/addons/utm/models/ir_http.py", line 34, in _handle_exception
    response = super(IrHttp, cls)._handle_exception(exc)
  File "/usr/lib/python3/dist-packages/odoo/addons/http_routing/models/ir_http.py", line 620, in _handle_exception
    return super(IrHttp, cls)._handle_exception(exception)
  File "/usr/lib/python3/dist-packages/odoo/addons/base/models/ir_http.py", line 209, in _handle_exception
    return request._handle_exception(exception)
  File "/usr/lib/python3/dist-packages/odoo/http.py", line 759, in _handle_exception
    return super(HttpRequest, self)._handle_exception(exception)
  File "/usr/lib/python3/dist-packages/odoo/http.py", line 301, in _handle_exception
    raise exception.with_traceback(None) from new_cause
psycopg2.errors.UndefinedColumn: column res_users.N_farms does not exist
LINE 1: ...e_uid", "res_users"."write_date" as "write_date", "res_users...
                                                             ^ - - -
2023-12-18 12:06:06,547 1 INFO ? odoo.service.server: Initiating shutdown 
2023-12-18 12:06:06,553 1 INFO ? odoo.service.server: Hit CTRL-C again or send a second signal to force the shutdown. 
2023-12-18 12:06:06,782 1 INFO DBBCS odoo.sql_db: Connection to the database failed 
2023-12-18 12:06:06,785 1 WARNING DBBCS odoo.addons.base.models.ir_cron: Exception in cron: 
Traceback (most recent call last):
  File "/usr/lib/python3/dist-packages/odoo/addons/base/models/ir_cron.py", line 100, in _process_jobs
    with db.cursor() as cron_cr:
  File "/usr/lib/python3/dist-packages/odoo/sql_db.py", line 742, in cursor
    return Cursor(self.__pool, self.__dbname, self.__dsn, serialized=serialized)
  File "/usr/lib/python3/dist-packages/odoo/sql_db.py", line 259, in __init__
    self._cnx = pool.borrow(dsn)
  File "/usr/lib/python3/dist-packages/odoo/sql_db.py", line 603, in _locked
    return fun(self, *args, **kwargs)
  File "/usr/lib/python3/dist-packages/odoo/sql_db.py", line 669, in borrow
    result = psycopg2.connect(
  File "/usr/lib/python3/dist-packages/psycopg2/__init__.py", line 127, in connect
    conn = _connect(dsn, connection_factory=connection_factory, **kwasync)
psycopg2.OperationalError: connection to server at "db" (172.20.0.2), port 5432 failed: FATAL:  the database system is shutting down

2023-12-18 12:06:06,789 1 INFO DBBCS odoo.sql_db: Connection to the database failed 
2023-12-18 12:06:06,797 1 WARNING DBBCS odoo.addons.base.models.ir_cron: Exception in cron: 
Traceback (most recent call last):
  File "/usr/lib/python3/dist-packages/odoo/addons/base/models/ir_cron.py", line 100, in _process_jobs
    with db.cursor() as cron_cr:
  File "/usr/lib/python3/dist-packages/odoo/sql_db.py", line 742, in cursor
    return Cursor(self.__pool, self.__dbname, self.__dsn, serialized=serialized)
  File "/usr/lib/python3/dist-packages/odoo/sql_db.py", line 259, in __init__
    self._cnx = pool.borrow(dsn)
  File "/usr/lib/python3/dist-packages/odoo/sql_db.py", line 603, in _locked
    return fun(self, *args, **kwargs)
  File "/usr/lib/python3/dist-packages/odoo/sql_db.py", line 669, in borrow
    result = psycopg2.connect(
  File "/usr/lib/python3/dist-packages/psycopg2/__init__.py", line 127, in connect
    conn = _connect(dsn, connection_factory=connection_factory, **kwasync)
psycopg2.OperationalError: connection to server at "db" (172.20.0.2), port 5432 failed: FATAL:  the database system is shutting down

2023-12-18 12:06:07,591 1 INFO ? odoo.sql_db: ConnectionPool(used=0/count=0/max=64): Closed 2 connections  
2023-12-18 12:06:18,907 1 INFO ? odoo: Odoo version 15.0-20230925 
2023-12-18 12:06:18,911 1 INFO ? odoo: Using configuration file at /etc/odoo/odoo.conf 
2023-12-18 12:06:18,913 1 INFO ? odoo: addons paths: ['/usr/lib/python3/dist-packages/odoo/addons', '/etc/odoo/addons/15.0', '/mnt/extra-addons'] 
2023-12-18 12:06:18,914 1 INFO ? odoo: database: odoo@db:5432 
2023-12-18 12:06:19,092 1 INFO ? odoo.addons.base.models.ir_actions_report: Will use the Wkhtmltopdf binary at /usr/local/bin/wkhtmltopdf 
2023-12-18 12:06:19,344 1 INFO ? odoo.service.server: HTTP service (werkzeug) running on 063b892fd9f9:8069 
2023-12-18 12:06:21,056 1 INFO ? odoo.http: HTTP Configuring static files 
2023-12-18 12:06:21,615 1 INFO DBBCS odoo.modules.loading: loading 1 modules... 
2023-12-18 12:06:21,628 1 INFO DBBCS odoo.modules.loading: 1 modules loaded in 0.01s, 0 queries (+0 extra) 
2023-12-18 12:06:21,918 1 INFO DBBCS odoo.modules.loading: loading 36 modules... 
2023-12-18 12:06:22,842 1 WARNING DBBCS odoo.models: The model login.image has no _description 
2023-12-18 12:06:22,952 1 WARNING DBBCS odoo.models: The model login.image has no _description 
2023-12-18 12:06:23,158 1 INFO DBBCS odoo.modules.loading: 36 modules loaded in 1.24s, 0 queries (+0 extra) 
2023-12-18 12:06:23,341 1 INFO DBBCS odoo.modules.loading: Modules loaded. 
2023-12-18 12:06:23,370 1 INFO DBBCS odoo.modules.registry: Registry loaded in 2.285s 
2023-12-18 12:06:23,385 1 INFO DBBCS odoo.addons.base.models.ir_http: Generating routing map for key 1 
2023-12-18 12:06:24,575 1 ERROR DBBCS odoo.sql_db: bad query: SELECT "res_users"."id" as "id", "res_users"."partner_id" as "partner_id", "res_users"."login" as "login", "res_users"."signature" as "signature", "res_users"."active" as "active", "res_users"."action_id" as "action_id", "res_users"."share" as "share", "res_users"."company_id" as "company_id", "res_users"."create_uid" as "create_uid", "res_users"."create_date" as "create_date", "res_users"."write_uid" as "write_uid", "res_users"."write_date" as "write_date", "res_users"."N_farms" as "N_farms", "res_users"."notification_type" as "notification_type", "res_users"."odoobot_state" as "odoobot_state", "res_users"."odoobot_failed" as "odoobot_failed", "res_users"."website_id" as "website_id" FROM "res_users" WHERE "res_users".id IN (2)
ERROR: column res_users.N_farms does not exist
LINE 1: ...e_uid", "res_users"."write_date" as "write_date", "res_users...
                                                             ^
 
2023-12-18 12:06:24,988 1 INFO DBBCS werkzeug: 172.20.0.1 - - [18/Dec/2023 12:06:24] "GET /web HTTP/1.1" 500 - 232 1.023 2.893
2023-12-18 12:06:25,020 1 ERROR DBBCS werkzeug: Error on request:
Traceback (most recent call last):
  File "/usr/lib/python3/dist-packages/odoo/api.py", line 886, in get
    return field_cache[record._ids[0]]
KeyError: 2

During handling of the above exception, another exception occurred:

Traceback (most recent call last):
  File "/usr/lib/python3/dist-packages/odoo/fields.py", line 1082, in __get__
    value = env.cache.get(record, self)
  File "/usr/lib/python3/dist-packages/odoo/api.py", line 889, in get
    raise CacheMiss(record, field)
odoo.exceptions.CacheMiss: 'res.users(2,).login'

The above exception was the direct cause of the following exception:

Traceback (most recent call last):
  File "/usr/lib/python3/dist-packages/odoo/addons/base/models/ir_http.py", line 237, in _dispatch
    result = request.dispatch()
  File "/usr/lib/python3/dist-packages/odoo/http.py", line 815, in dispatch
    r = self._call_function(**self.params)
  File "/usr/lib/python3/dist-packages/odoo/http.py", line 368, in _call_function
    return checked_call(self.db, *args, **kwargs)
  File "/usr/lib/python3/dist-packages/odoo/service/model.py", line 94, in wrapper
    return f(dbname, *args, **kwargs)
  File "/usr/lib/python3/dist-packages/odoo/http.py", line 357, in checked_call
    result = self.endpoint(*a, **kw)
  File "/usr/lib/python3/dist-packages/odoo/http.py", line 921, in __call__
    return self.method(*args, **kw)
  File "/usr/lib/python3/dist-packages/odoo/http.py", line 546, in response_wrap
    response = f(*args, **kw)
  File "/usr/lib/python3/dist-packages/odoo/addons/portal/controllers/web.py", line 26, in web_client
    return super(Home, self).web_client(s_action, **kw)
  File "/usr/lib/python3/dist-packages/odoo/http.py", line 546, in response_wrap
    response = f(*args, **kw)
  File "/usr/lib/python3/dist-packages/odoo/addons/web/controllers/main.py", line 826, in web_client
    context = request.env['ir.http'].webclient_rendering_context()
  File "/usr/lib/python3/dist-packages/odoo/addons/web/models/ir_http.py", line 22, in webclient_rendering_context
    'session_info': self.session_info(),
  File "/usr/lib/python3/dist-packages/odoo/addons/partner_autocomplete/models/ir_http.py", line 13, in session_info
    session_info = super(Http, self).session_info()
  File "/usr/lib/python3/dist-packages/odoo/addons/mail_bot/models/ir_http.py", line 11, in session_info
    res = super(Http, self).session_info()
  File "/usr/lib/python3/dist-packages/odoo/addons/mail/models/ir_http.py", line 15, in session_info
    result = super(IrHttp, self).session_info()
  File "/usr/lib/python3/dist-packages/odoo/addons/google_recaptcha/models/ir_http.py", line 17, in session_info
    session_info = super().session_info()
  File "/usr/lib/python3/dist-packages/odoo/addons/web_tour/models/ir_http.py", line 12, in session_info
    result = super().session_info()
  File "/usr/lib/python3/dist-packages/odoo/addons/base_setup/models/ir_http.py", line 11, in session_info
    result = super(IrHttp, self).session_info()
  File "/usr/lib/python3/dist-packages/odoo/addons/auth_totp/models/ir_http.py", line 9, in session_info
    info = super().session_info()
  File "/usr/lib/python3/dist-packages/odoo/addons/web/models/ir_http.py", line 51, in session_info
    "username": user.login,
  File "/usr/lib/python3/dist-packages/odoo/fields.py", line 1108, in __get__
    recs._fetch_field(self)
  File "/usr/lib/python3/dist-packages/odoo/models.py", line 3284, in _fetch_field
    self._read(fnames)
  File "/usr/lib/python3/dist-packages/odoo/addons/base/models/res_users.py", line 459, in _read
    super(Users, self)._read(fields)
  File "/usr/lib/python3/dist-packages/odoo/models.py", line 3351, in _read
    cr.execute(query_str, params + [sub_ids])
  File "<decorator-gen-3>", line 2, in execute
    
  File "/usr/lib/python3/dist-packages/odoo/sql_db.py", line 90, in check
    return f(self, *args, **kwargs)
  File "/usr/lib/python3/dist-packages/odoo/sql_db.py", line 311, in execute
    res = self._obj.execute(query, params)
Exception

The above exception was the direct cause of the following exception:

Traceback (most recent call last):
  File "/usr/lib/python3/dist-packages/werkzeug/serving.py", line 323, in run_wsgi
    execute(self.server.app)
  File "/usr/lib/python3/dist-packages/werkzeug/serving.py", line 312, in execute
    application_iter = app(environ, start_response)
  File "/usr/lib/python3/dist-packages/odoo/service/server.py", line 482, in app
    return self.app(e, s)
  File "/usr/lib/python3/dist-packages/odoo/service/wsgi_server.py", line 112, in application
    return application_unproxied(environ, start_response)
  File "/usr/lib/python3/dist-packages/odoo/service/wsgi_server.py", line 87, in application_unproxied
    result = odoo.http.root(environ, start_response)
  File "/usr/lib/python3/dist-packages/odoo/http.py", line 1305, in __call__
    return self.dispatch(environ, start_response)
  File "/usr/lib/python3/dist-packages/odoo/http.py", line 1271, in __call__
    return self.app(environ, start_wrapped)
  File "/usr/lib/python3/dist-packages/werkzeug/middleware/shared_data.py", line 260, in __call__
    return self.app(environ, start_response)
  File "/usr/lib/python3/dist-packages/odoo/http.py", line 1500, in dispatch
    result = ir_http._dispatch()
  File "/usr/lib/python3/dist-packages/odoo/addons/website/models/ir_http.py", line 198, in _dispatch
    response = super(Http, cls)._dispatch()
  File "/usr/lib/python3/dist-packages/odoo/addons/auth_signup/models/ir_http.py", line 19, in _dispatch
    return super(Http, cls)._dispatch()
  File "/usr/lib/python3/dist-packages/odoo/addons/web_editor/models/ir_http.py", line 21, in _dispatch
    return super(IrHttp, cls)._dispatch()
  File "/usr/lib/python3/dist-packages/odoo/addons/utm/models/ir_http.py", line 29, in _dispatch
    response = super(IrHttp, cls)._dispatch()
  File "/usr/lib/python3/dist-packages/odoo/addons/http_routing/models/ir_http.py", line 519, in _dispatch
    result = super(IrHttp, cls)._dispatch()
  File "/usr/lib/python3/dist-packages/odoo/addons/base/models/ir_http.py", line 241, in _dispatch
    return cls._handle_exception(e)
  File "/usr/lib/python3/dist-packages/odoo/addons/utm/models/ir_http.py", line 34, in _handle_exception
    response = super(IrHttp, cls)._handle_exception(exc)
  File "/usr/lib/python3/dist-packages/odoo/addons/http_routing/models/ir_http.py", line 620, in _handle_exception
    return super(IrHttp, cls)._handle_exception(exception)
  File "/usr/lib/python3/dist-packages/odoo/addons/base/models/ir_http.py", line 209, in _handle_exception
    return request._handle_exception(exception)
  File "/usr/lib/python3/dist-packages/odoo/http.py", line 759, in _handle_exception
    return super(HttpRequest, self)._handle_exception(exception)
  File "/usr/lib/python3/dist-packages/odoo/http.py", line 301, in _handle_exception
    raise exception.with_traceback(None) from new_cause
psycopg2.errors.UndefinedColumn: column res_users.N_farms does not exist
LINE 1: ...e_uid", "res_users"."write_date" as "write_date", "res_users...
                                                             ^ - - -
2023-12-18 12:08:09,747 1 INFO ? odoo.service.server: Initiating shutdown 
2023-12-18 12:08:09,751 1 INFO ? odoo.service.server: Hit CTRL-C again or send a second signal to force the shutdown. 
2023-12-18 12:08:09,948 1 INFO DBBCS odoo.sql_db: Connection to the database failed 
2023-12-18 12:08:09,950 1 WARNING DBBCS odoo.addons.base.models.ir_cron: Exception in cron: 
Traceback (most recent call last):
  File "/usr/lib/python3/dist-packages/odoo/addons/base/models/ir_cron.py", line 100, in _process_jobs
    with db.cursor() as cron_cr:
  File "/usr/lib/python3/dist-packages/odoo/sql_db.py", line 742, in cursor
    return Cursor(self.__pool, self.__dbname, self.__dsn, serialized=serialized)
  File "/usr/lib/python3/dist-packages/odoo/sql_db.py", line 259, in __init__
    self._cnx = pool.borrow(dsn)
  File "/usr/lib/python3/dist-packages/odoo/sql_db.py", line 603, in _locked
    return fun(self, *args, **kwargs)
  File "/usr/lib/python3/dist-packages/odoo/sql_db.py", line 669, in borrow
    result = psycopg2.connect(
  File "/usr/lib/python3/dist-packages/psycopg2/__init__.py", line 127, in connect
    conn = _connect(dsn, connection_factory=connection_factory, **kwasync)
psycopg2.OperationalError: connection to server at "db" (172.20.0.2), port 5432 failed: FATAL:  the database system is shutting down

2023-12-18 12:08:09,954 1 INFO DBBCS odoo.sql_db: Connection to the database failed 
2023-12-18 12:08:09,959 1 WARNING DBBCS odoo.addons.base.models.ir_cron: Exception in cron: 
Traceback (most recent call last):
  File "/usr/lib/python3/dist-packages/odoo/addons/base/models/ir_cron.py", line 100, in _process_jobs
    with db.cursor() as cron_cr:
  File "/usr/lib/python3/dist-packages/odoo/sql_db.py", line 742, in cursor
    return Cursor(self.__pool, self.__dbname, self.__dsn, serialized=serialized)
  File "/usr/lib/python3/dist-packages/odoo/sql_db.py", line 259, in __init__
    self._cnx = pool.borrow(dsn)
  File "/usr/lib/python3/dist-packages/odoo/sql_db.py", line 603, in _locked
    return fun(self, *args, **kwargs)
  File "/usr/lib/python3/dist-packages/odoo/sql_db.py", line 669, in borrow
    result = psycopg2.connect(
  File "/usr/lib/python3/dist-packages/psycopg2/__init__.py", line 127, in connect
    conn = _connect(dsn, connection_factory=connection_factory, **kwasync)
psycopg2.OperationalError: connection to server at "db" (172.20.0.2), port 5432 failed: FATAL:  the database system is shutting down

2023-12-18 12:08:10,764 1 INFO ? odoo.sql_db: ConnectionPool(used=0/count=0/max=64): Closed 2 connections  
2023-12-18 12:08:22,381 1 INFO ? odoo: Odoo version 15.0-20230925 
2023-12-18 12:08:22,386 1 INFO ? odoo: Using configuration file at /etc/odoo/odoo.conf 
2023-12-18 12:08:22,388 1 INFO ? odoo: addons paths: ['/usr/lib/python3/dist-packages/odoo/addons', '/etc/odoo/addons/15.0', '/mnt/extra-addons'] 
2023-12-18 12:08:22,391 1 INFO ? odoo: database: odoo@db:5432 
2023-12-18 12:08:22,577 1 INFO ? odoo.addons.base.models.ir_actions_report: Will use the Wkhtmltopdf binary at /usr/local/bin/wkhtmltopdf 
2023-12-18 12:08:22,829 1 INFO ? odoo.service.server: HTTP service (werkzeug) running on 063b892fd9f9:8069 
2023-12-18 12:08:23,613 1 INFO ? odoo.http: HTTP Configuring static files 
2023-12-18 12:08:24,215 1 INFO DBBCS odoo.modules.loading: loading 1 modules... 
2023-12-18 12:08:24,229 1 INFO DBBCS odoo.modules.loading: 1 modules loaded in 0.01s, 0 queries (+0 extra) 
2023-12-18 12:08:24,576 1 INFO DBBCS odoo.modules.loading: loading 36 modules... 
2023-12-18 12:08:25,562 1 WARNING DBBCS odoo.models: The model login.image has no _description 
2023-12-18 12:08:25,661 1 WARNING DBBCS odoo.models: The model login.image has no _description 
2023-12-18 12:08:25,926 1 INFO DBBCS odoo.modules.loading: 36 modules loaded in 1.35s, 0 queries (+0 extra) 
2023-12-18 12:08:26,303 1 INFO DBBCS odoo.modules.loading: Modules loaded. 
2023-12-18 12:08:26,335 1 INFO DBBCS odoo.modules.registry: Registry loaded in 2.694s 
2023-12-18 12:08:26,347 1 INFO DBBCS odoo.addons.base.models.ir_http: Generating routing map for key 1 
2023-12-18 12:08:28,553 1 INFO DBBCS werkzeug: 172.20.0.1 - - [18/Dec/2023 12:08:28] "GET /web HTTP/1.1" 200 - 296 1.166 3.757
2023-12-18 12:08:28,659 1 INFO DBBCS werkzeug: 172.20.0.1 - - [18/Dec/2023 12:08:28] "GET /web/webclient/load_menus/9f7ee378b2384b58f0e98c39df6379e066a1d268314180ca3ef6895dbb82af49 HTTP/1.1" 200 - 1 0.001 0.057
2023-12-18 12:08:29,756 1 INFO DBBCS werkzeug: 172.20.0.1 - - [18/Dec/2023 12:08:29] "POST /web/action/load HTTP/1.1" 200 - 13 0.129 0.531
2023-12-18 12:08:30,630 1 INFO DBBCS werkzeug: 172.20.0.1 - - [18/Dec/2023 12:08:30] "POST /web/dataset/call_kw/res.users/systray_get_activities HTTP/1.1" 200 - 4 0.205 1.072
2023-12-18 12:08:30,802 1 INFO DBBCS werkzeug: 172.20.0.1 - - [18/Dec/2023 12:08:30] "GET /web/image/res.company/1/favicon HTTP/1.1" 200 - 11 0.283 1.098
2023-12-18 12:08:30,912 1 INFO ? odoo.addons.bus.models.bus: Bus.loop listen imbus on db postgres 
2023-12-18 12:08:31,293 1 INFO DBBCS werkzeug: 172.20.0.1 - - [18/Dec/2023 12:08:31] "POST /web/dataset/call_kw/res.farm/load_views HTTP/1.1" 200 - 39 0.599 0.921
2023-12-18 12:08:31,294 1 INFO DBBCS werkzeug: 172.20.0.1 - - [18/Dec/2023 12:08:31] "GET /web/image?model=res.users&field=avatar_128&id=2 HTTP/1.1" 200 - 12 0.494 1.408
2023-12-18 12:08:31,294 1 INFO DBBCS werkzeug: 172.20.0.1 - - [18/Dec/2023 12:08:31] "POST /mail/init_messaging HTTP/1.1" 200 - 63 0.693 1.429
2023-12-18 12:08:31,435 1 INFO DBBCS werkzeug: 172.20.0.1 - - [18/Dec/2023 12:08:31] "POST /web/dataset/call_kw/res.farm/read HTTP/1.1" 200 - 9 0.073 0.035
2023-12-18 12:08:31,443 1 INFO DBBCS werkzeug: 172.20.0.1 - - [18/Dec/2023 12:08:31] "POST /mail/load_message_failures HTTP/1.1" 200 - 3 0.048 0.032
2023-12-18 12:08:31,461 1 INFO DBBCS werkzeug: 172.20.0.1 - - [18/Dec/2023 12:08:31] "POST /longpolling/im_status HTTP/1.1" 200 - 4 0.058 0.046
2023-12-18 12:08:31,483 1 INFO DBBCS werkzeug: 172.20.0.1 - - [18/Dec/2023 12:08:31] "POST /web/dataset/call_kw/res.zone/read HTTP/1.1" 200 - 2 0.004 0.024
2023-12-18 12:08:33,602 1 INFO DBBCS werkzeug: 172.20.0.1 - - [18/Dec/2023 12:08:33] "POST /web/action/load HTTP/1.1" 200 - 54 0.083 0.066
2023-12-18 12:08:33,805 1 INFO DBBCS werkzeug: 172.20.0.1 - - [18/Dec/2023 12:08:33] "POST /web/dataset/call_kw/res.users/load_views HTTP/1.1" 200 - 48 0.118 0.075
2023-12-18 12:08:33,845 1 ERROR DBBCS odoo.osv.expression: Non-stored field res.users.accesses_count cannot be searched. 
NoneType: None
2023-12-18 12:08:33,882 1 INFO DBBCS werkzeug: 172.20.0.1 - - [18/Dec/2023 12:08:33] "POST /web/dataset/search_read HTTP/1.1" 200 - 16 0.022 0.032
2023-12-18 12:08:33,919 1 INFO DBBCS werkzeug: 172.20.0.1 - - [18/Dec/2023 12:08:33] "POST /web/dataset/call_kw/res.users/has_group HTTP/1.1" 200 - 2 0.001 0.020
2023-12-18 12:08:44,865 1 INFO DBBCS werkzeug: 172.20.0.1 - - [18/Dec/2023 12:08:44] "POST /web/action/load HTTP/1.1" 200 - 28 0.024 0.045
2023-12-18 12:08:45,005 1 INFO DBBCS werkzeug: 172.20.0.1 - - [18/Dec/2023 12:08:45] "POST /web/dataset/call_kw/ir.module.module/load_views HTTP/1.1" 200 - 51 0.067 0.061
2023-12-18 12:08:45,088 1 INFO DBBCS werkzeug: 172.20.0.1 - - [18/Dec/2023 12:08:45] "POST /web/dataset/call_kw/ir.module.module/search_panel_select_range HTTP/1.1" 200 - 43 0.033 0.034
2023-12-18 12:08:45,142 1 INFO DBBCS werkzeug: 172.20.0.1 - - [18/Dec/2023 12:08:45] "POST /web/dataset/search_read HTTP/1.1" 200 - 3 0.016 0.024
2023-12-18 12:08:45,418 1 INFO DBBCS werkzeug: 172.20.0.1 - - [18/Dec/2023 12:08:45] "GET /t/static/description/icon.png HTTP/1.1" 404 - 2 0.032 0.038
2023-12-18 12:08:52,046 1 INFO DBBCS odoo.addons.base.models.ir_module: ALLOW access to module.button_uninstall_wizard on ['BCS Clients'] to user mhamedelazzaoui17@gmail.com #2 via 172.20.0.1 
2023-12-18 12:08:52,067 1 INFO DBBCS werkzeug: 172.20.0.1 - - [18/Dec/2023 12:08:52] "POST /web/dataset/call_button HTTP/1.1" 200 - 4 0.009 0.039
2023-12-18 12:08:52,152 1 INFO DBBCS werkzeug: 172.20.0.1 - - [18/Dec/2023 12:08:52] "POST /web/dataset/call_kw/base.module.uninstall/load_views HTTP/1.1" 200 - 24 0.024 0.044
2023-12-18 12:08:52,277 1 INFO DBBCS werkzeug: 172.20.0.1 - - [18/Dec/2023 12:08:52] "POST /web/dataset/call_kw/base.module.uninstall/onchange HTTP/1.1" 200 - 13 0.068 0.035
2023-12-18 12:08:52,324 1 INFO DBBCS werkzeug: 172.20.0.1 - - [18/Dec/2023 12:08:52] "POST /web/dataset/call_kw/ir.module.module/read HTTP/1.1" 200 - 2 0.003 0.032
2023-12-18 12:08:54,561 1 INFO DBBCS werkzeug: 172.20.0.1 - - [18/Dec/2023 12:08:54] "POST /web/dataset/call_kw/base.module.uninstall/create HTTP/1.1" 200 - 6 0.030 0.035
2023-12-18 12:08:54,619 1 INFO DBBCS werkzeug: 172.20.0.1 - - [18/Dec/2023 12:08:54] "POST /web/dataset/call_kw/base.module.uninstall/read HTTP/1.1" 200 - 10 0.020 0.027
2023-12-18 12:08:54,651 1 INFO DBBCS werkzeug: 172.20.0.1 - - [18/Dec/2023 12:08:54] "POST /web/dataset/call_kw/ir.module.module/read HTTP/1.1" 200 - 2 0.002 0.021
2023-12-18 12:08:54,680 1 INFO DBBCS odoo.addons.base.models.ir_module: ALLOW access to module.button_immediate_uninstall on ['BCS Clients'] to user mhamedelazzaoui17@gmail.com #2 via 172.20.0.1 
2023-12-18 12:08:54,682 1 INFO DBBCS odoo.addons.base.models.ir_module: User #2 triggered module uninstallation 
2023-12-18 12:08:54,690 1 INFO DBBCS odoo.addons.base.models.ir_module: ALLOW access to module.button_uninstall on ['BCS Clients'] to user mhamedelazzaoui17@gmail.com #2 via 172.20.0.1 
2023-12-18 12:08:54,788 1 INFO DBBCS odoo.modules.loading: loading 1 modules... 
2023-12-18 12:08:54,855 1 INFO DBBCS odoo.modules.loading: 1 modules loaded in 0.07s, 0 queries (+0 extra) 
2023-12-18 12:08:54,899 1 INFO DBBCS odoo.modules.loading: updating modules list 
2023-12-18 12:08:54,902 1 INFO DBBCS odoo.addons.base.models.ir_module: ALLOW access to module.update_list on [] to user __system__ #1 via 172.20.0.1 
2023-12-18 12:08:58,901 1 INFO DBBCS odoo.modules.loading: loading 36 modules... 
2023-12-18 12:08:58,977 1 WARNING DBBCS odoo.models: The model login.image has no _description 
2023-12-18 12:08:59,023 1 WARNING DBBCS odoo.models: The model login.image has no _description 
2023-12-18 12:08:59,042 1 INFO DBBCS odoo.modules.loading: 36 modules loaded in 0.14s, 0 queries (+0 extra) 
2023-12-18 12:08:59,430 1 INFO DBBCS odoo.addons.base.models.ir_module: ALLOW access to module.module_uninstall on ['BCS Clients'] to user __system__ #1 via 172.20.0.1 
2023-12-18 12:08:59,444 1 INFO DBBCS odoo.addons.base.models.ir_model: Deleting ir.ui.view(1116, 1115) 
2023-12-18 12:09:00,103 1 INFO DBBCS odoo.models.unlink: User #1 deleted ir.model.data records with IDs: [14707, 16003] 
2023-12-18 12:09:00,105 1 INFO DBBCS odoo.models.unlink: User #1 deleted ir.ui.view records with IDs: [1116, 1115] 
2023-12-18 12:09:00,112 1 INFO DBBCS odoo.addons.base.models.ir_model: Deleting ir.actions.act_window(204,) 
2023-12-18 12:09:00,255 1 INFO DBBCS odoo.models.unlink: User #1 deleted ir.model.data records with IDs: [14258] 
2023-12-18 12:09:00,262 1 INFO DBBCS odoo.models.unlink: User #1 deleted ir.actions.act_window records with IDs: [204] 
2023-12-18 12:09:00,267 1 INFO DBBCS odoo.addons.base.models.ir_model: Deleting ir.ui.view(1114,) 
2023-12-18 12:09:00,318 1 INFO DBBCS odoo.models.unlink: User #1 deleted ir.model.data records with IDs: [14256] 
2023-12-18 12:09:00,320 1 INFO DBBCS odoo.models.unlink: User #1 deleted ir.ui.view records with IDs: [1114] 
2023-12-18 12:09:00,327 1 INFO DBBCS odoo.addons.base.models.ir_model: Deleting ir.actions.report(203,) 
2023-12-18 12:09:00,366 1 INFO DBBCS odoo.models.unlink: User #1 deleted ir.model.data records with IDs: [12903] 
2023-12-18 12:09:00,367 1 INFO DBBCS odoo.models.unlink: User #1 deleted ir.actions.report records with IDs: [203] 
2023-12-18 12:09:00,372 1 INFO DBBCS odoo.addons.base.models.ir_model: Deleting ir.ui.view(1113,) 
2023-12-18 12:09:00,413 1 INFO DBBCS odoo.models.unlink: User #1 deleted ir.model.data records with IDs: [12902] 
2023-12-18 12:09:00,415 1 INFO DBBCS odoo.models.unlink: User #1 deleted ir.ui.view records with IDs: [1113] 
2023-12-18 12:09:00,418 1 INFO DBBCS odoo.addons.base.models.ir_model: Deleting ir.ui.menu(76,) 
2023-12-18 12:09:00,455 1 INFO DBBCS odoo.models.unlink: User #1 deleted ir.model.data records with IDs: [6020] 
2023-12-18 12:09:00,457 1 INFO DBBCS odoo.models.unlink: User #1 deleted ir.ui.menu records with IDs: [76] 
2023-12-18 12:09:00,461 1 INFO DBBCS odoo.addons.base.models.ir_model: Deleting ir.actions.act_window(89,) 
2023-12-18 12:09:00,479 1 INFO DBBCS odoo.models.unlink: User #1 deleted ir.model.data records with IDs: [6019] 
2023-12-18 12:09:00,481 1 INFO DBBCS odoo.models.unlink: User #1 deleted ir.actions.act_window records with IDs: [89] 
2023-12-18 12:09:00,485 1 INFO DBBCS odoo.addons.base.models.ir_model: Deleting ir.ui.view(240, 239) 
2023-12-18 12:09:00,511 1 INFO DBBCS odoo.models.unlink: User #1 deleted ir.model.data records with IDs: [6018, 6017] 
2023-12-18 12:09:00,512 1 INFO DBBCS odoo.models.unlink: User #1 deleted ir.ui.view records with IDs: [240, 239] 
2023-12-18 12:09:00,516 1 INFO DBBCS odoo.addons.base.models.ir_model: Deleting ir.ui.menu(75,) 
2023-12-18 12:09:00,546 1 INFO DBBCS odoo.models.unlink: User #1 deleted ir.model.data records with IDs: [6016] 
2023-12-18 12:09:00,548 1 INFO DBBCS odoo.models.unlink: User #1 deleted ir.ui.menu records with IDs: [75] 
2023-12-18 12:09:00,552 1 INFO DBBCS odoo.addons.base.models.ir_model: Deleting ir.actions.act_window(88,) 
2023-12-18 12:09:00,569 1 INFO DBBCS odoo.models.unlink: User #1 deleted ir.model.data records with IDs: [6015] 
2023-12-18 12:09:00,573 1 INFO DBBCS odoo.models.unlink: User #1 deleted ir.actions.act_window records with IDs: [88] 
2023-12-18 12:09:00,576 1 INFO DBBCS odoo.addons.base.models.ir_model: Deleting ir.ui.view(238, 237) 
2023-12-18 12:09:00,601 1 INFO DBBCS odoo.models.unlink: User #1 deleted ir.model.data records with IDs: [6014, 6013] 
2023-12-18 12:09:00,603 1 INFO DBBCS odoo.models.unlink: User #1 deleted ir.ui.view records with IDs: [238, 237] 
2023-12-18 12:09:00,606 1 INFO DBBCS odoo.addons.base.models.ir_model: Deleting ir.ui.menu(74,) 
2023-12-18 12:09:00,629 1 INFO DBBCS odoo.models.unlink: User #1 deleted ir.model.data records with IDs: [6012] 
2023-12-18 12:09:00,634 1 INFO DBBCS odoo.models.unlink: User #1 deleted ir.ui.menu records with IDs: [74] 
2023-12-18 12:09:00,641 1 INFO DBBCS odoo.addons.base.models.ir_model: Deleting ir.actions.act_window(87,) 
2023-12-18 12:09:00,680 1 INFO DBBCS odoo.models.unlink: User #1 deleted ir.model.data records with IDs: [6011] 
2023-12-18 12:09:00,683 1 INFO DBBCS odoo.models.unlink: User #1 deleted ir.actions.act_window records with IDs: [87] 
2023-12-18 12:09:00,687 1 INFO DBBCS odoo.addons.base.models.ir_model: Deleting ir.ui.view(236, 235) 
2023-12-18 12:09:00,716 1 INFO DBBCS odoo.models.unlink: User #1 deleted ir.model.data records with IDs: [6010, 6009] 
2023-12-18 12:09:00,717 1 INFO DBBCS odoo.models.unlink: User #1 deleted ir.ui.view records with IDs: [236, 235] 
2023-12-18 12:09:00,720 1 INFO DBBCS odoo.addons.base.models.ir_model: Deleting ir.ui.menu(73, 72) 
2023-12-18 12:09:00,748 1 INFO DBBCS odoo.models.unlink: User #1 deleted ir.model.data records with IDs: [6007, 6008] 
2023-12-18 12:09:00,751 1 INFO DBBCS odoo.models.unlink: User #1 deleted ir.ui.menu records with IDs: [73, 72] 
2023-12-18 12:09:00,844 1 INFO DBBCS odoo.addons.base.models.ir_model: Dropped FK CONSTRAINT res_data_write_uid_fkey@res.data 
2023-12-18 12:09:00,863 1 INFO DBBCS odoo.addons.base.models.ir_model: Dropped FK CONSTRAINT res_data_create_uid_fkey@res.data 
2023-12-18 12:09:00,868 1 INFO DBBCS odoo.addons.base.models.ir_model: Dropped FK CONSTRAINT res_data_sensor_fkey@res.data 
2023-12-18 12:09:00,874 1 INFO DBBCS odoo.addons.base.models.ir_model: Dropped FK CONSTRAINT res_sensor_write_uid_fkey@res.sensor 
2023-12-18 12:09:00,881 1 INFO DBBCS odoo.addons.base.models.ir_model: Dropped FK CONSTRAINT res_sensor_create_uid_fkey@res.sensor 
2023-12-18 12:09:00,887 1 INFO DBBCS odoo.addons.base.models.ir_model: Dropped FK CONSTRAINT res_sensor_zone_fkey@res.sensor 
2023-12-18 12:09:00,891 1 INFO DBBCS odoo.addons.base.models.ir_model: Dropped FK CONSTRAINT res_zone_write_uid_fkey@res.zone 
2023-12-18 12:09:00,895 1 INFO DBBCS odoo.addons.base.models.ir_model: Dropped FK CONSTRAINT res_zone_create_uid_fkey@res.zone 
2023-12-18 12:09:00,898 1 INFO DBBCS odoo.addons.base.models.ir_model: Dropped FK CONSTRAINT res_zone_farm_fkey@res.zone 
2023-12-18 12:09:00,903 1 INFO DBBCS odoo.addons.base.models.ir_model: Dropped FK CONSTRAINT res_farm_write_uid_fkey@res.farm 
2023-12-18 12:09:00,910 1 INFO DBBCS odoo.addons.base.models.ir_model: Dropped FK CONSTRAINT res_farm_create_uid_fkey@res.farm 
2023-12-18 12:09:00,917 1 INFO DBBCS odoo.addons.base.models.ir_model: Dropped FK CONSTRAINT res_farm_client_fkey@res.farm 
2023-12-18 12:09:00,929 1 INFO DBBCS odoo.models.unlink: User #1 deleted ir.model.constraint records with IDs: [354, 355, 356, 357, 358, 359, 360, 361, 362, 363, 364, 365] 
2023-12-18 12:09:00,933 1 INFO DBBCS odoo.addons.base.models.ir_model: Deleting ir.model.fields.selection(539,) 
2023-12-18 12:09:00,955 1 INFO DBBCS odoo.models.unlink: User #1 deleted ir.model.data records with IDs: [16157] 
2023-12-18 12:09:00,957 1 INFO DBBCS odoo.models.unlink: User #1 deleted ir.model.fields.selection records with IDs: [539] 
2023-12-18 12:09:00,970 1 INFO DBBCS odoo.addons.base.models.ir_model: Deleting ir.model.fields(3968, 3967, 3966, 1658, 1657, 1655, 1654, 1653, 1648, 1647, 1645, 1644, 1643, 1642, 1641, 1640, 1635, 1634, 1632, 1631, 1630, 1629, 1628, 1623, 1622, 1620, 1619, 1618, 1617, 1616, 1615) 
2023-12-18 12:09:01,277 1 INFO DBBCS odoo.models.unlink: User #1 deleted ir.model.data records with IDs: [5993, 5994, 5989, 5991, 5990, 5956, 5955, 5958, 5952, 5959, 16627, 5954, 5953, 5983, 5984, 5980, 5978, 16629, 5976, 5981, 5977, 5979, 5951, 5967, 5970, 5971, 5965, 5968, 16628, 5964, 5966] 
2023-12-18 12:09:01,280 1 INFO DBBCS odoo.models.unlink: User #1 deleted ir.model.fields records with IDs: [3968, 3967, 3966, 1658, 1657, 1655, 1654, 1653, 1648, 1647, 1645, 1644, 1643, 1642, 1641, 1640, 1635, 1634, 1632, 1631, 1630, 1629, 1628, 1623, 1622, 1620, 1619, 1618, 1617, 1616, 1615] 
2023-12-18 12:09:01,298 1 INFO DBBCS odoo.addons.base.models.ir_model: Deleting ir.model(144, 143, 142, 141) 
2023-12-18 12:09:01,551 1 INFO DBBCS odoo.models.unlink: User #1 deleted ir.model.data records with IDs: [5950, 5947, 5949, 5948] 
2023-12-18 12:09:01,552 1 INFO DBBCS odoo.models.unlink: User #1 deleted ir.model records with IDs: [144, 143, 142, 141] 
2023-12-18 12:09:01,555 1 INFO DBBCS odoo.addons.base.models.ir_model: ir.model.data could not be deleted ([]) 
2023-12-18 12:09:01,565 1 INFO DBBCS odoo.models.unlink: User #1 deleted ir.model.data records with IDs: [16629, 16628, 16627, 16157, 16003, 14707, 14258, 14256, 12903, 12902, 6020, 6019, 6018, 6017, 6016, 6015, 6014, 6013, 6012, 6011, 6010, 6009, 6008, 6007, 5998, 5997, 5996, 5995, 5994, 5993, 5992, 5991, 5990, 5989, 5988, 5987, 5986, 5985, 5984, 5983, 5982, 5981, 5980, 5979, 5978, 5977, 5976, 5975, 5974, 5973, 5972, 5971, 5970, 5969, 5968, 5967, 5966, 5965, 5964, 5963, 5962, 5961, 5960, 5959, 5958, 5957, 5956, 5955, 5954, 5953, 5952, 5951, 5950, 5949, 5948, 5947, 5946] 
2023-12-18 12:09:01,711 1 INFO DBBCS odoo.modules.loading: Reloading registry once more after uninstalling modules 
2023-12-18 12:09:01,753 1 INFO DBBCS odoo.modules.loading: loading 1 modules... 
2023-12-18 12:09:01,767 1 INFO DBBCS odoo.modules.loading: 1 modules loaded in 0.01s, 0 queries (+0 extra) 
2023-12-18 12:09:01,804 1 INFO DBBCS odoo.modules.loading: updating modules list 
2023-12-18 12:09:01,809 1 INFO DBBCS odoo.addons.base.models.ir_module: ALLOW access to module.update_list on [] to user __system__ #1 via 172.20.0.1 
2023-12-18 12:09:05,457 1 INFO DBBCS odoo.modules.loading: loading 35 modules... 
2023-12-18 12:09:05,479 1 WARNING DBBCS odoo.models: The model login.image has no _description 
2023-12-18 12:09:05,489 1 WARNING DBBCS odoo.models: The model login.image has no _description 
2023-12-18 12:09:05,496 1 INFO DBBCS odoo.modules.loading: 35 modules loaded in 0.04s, 0 queries (+0 extra) 
2023-12-18 12:09:06,312 1 INFO DBBCS odoo.modules.loading: Modules loaded. 
2023-12-18 12:09:06,335 1 INFO DBBCS odoo.modules.registry: Registry loaded in 4.623s 
2023-12-18 12:09:06,343 1 INFO DBBCS odoo.modules.registry: Registry loaded in 11.591s 
2023-12-18 12:09:06,345 1 INFO DBBCS odoo.addons.base.models.ir_module: getting next ir.actions.todo() 
2023-12-18 12:09:06,357 1 INFO DBBCS odoo.modules.registry: Registry changed, signaling through the database 
2023-12-18 12:09:06,370 1 INFO DBBCS werkzeug: 172.20.0.1 - - [18/Dec/2023 12:09:06] "POST /web/dataset/call_button HTTP/1.1" 200 - 2955 3.696 8.008
2023-12-18 12:09:06,453 1 INFO DBBCS odoo.addons.base.models.ir_http: Generating routing map for key 1 
2023-12-18 12:09:07,938 1 INFO DBBCS werkzeug: 172.20.0.1 - - [18/Dec/2023 12:09:07] "GET /web HTTP/1.1" 200 - 274 0.227 1.308
2023-12-18 12:09:08,048 1 INFO DBBCS werkzeug: 172.20.0.1 - - [18/Dec/2023 12:09:08] "GET /web/webclient/load_menus/601a1b68a23f05251fc08bc61918b8c45640a15e365109c01235544ed52d4839 HTTP/1.1" 200 - 1 0.001 0.032
2023-12-18 12:09:09,013 1 INFO DBBCS werkzeug: 172.20.0.1 - - [18/Dec/2023 12:09:09] "POST /web/dataset/call_kw/res.users/systray_get_activities HTTP/1.1" 200 - 4 0.017 0.027
2023-12-18 12:09:09,027 1 INFO DBBCS werkzeug: 172.20.0.1 - - [18/Dec/2023 12:09:09] "POST /mail/init_messaging HTTP/1.1" 200 - 68 0.103 0.105
2023-12-18 12:09:09,134 1 INFO DBBCS werkzeug: 172.20.0.1 - - [18/Dec/2023 12:09:09] "POST /longpolling/im_status HTTP/1.1" 200 - 6 0.014 0.054
2023-12-18 12:09:09,155 1 INFO DBBCS werkzeug: 172.20.0.1 - - [18/Dec/2023 12:09:09] "POST /mail/load_message_failures HTTP/1.1" 200 - 3 0.009 0.078
2023-12-18 12:09:20,929 1 INFO DBBCS werkzeug: 172.20.0.1 - - [18/Dec/2023 12:09:20] "POST /longpolling/poll HTTP/1.1" 200 - 13 0.478 51.063
2023-12-18 12:09:59,350 1 INFO DBBCS werkzeug: 172.20.0.1 - - [18/Dec/2023 12:09:59] "POST /longpolling/poll HTTP/1.1" 200 - 13 0.046 50.231
2023-12-18 12:10:00,024 1 INFO DBBCS werkzeug: 172.20.0.1 - - [18/Dec/2023 12:10:00] "POST /longpolling/im_status HTTP/1.1" 200 - 4 0.006 0.040
2023-12-18 12:10:04,166 1 INFO DBBCS werkzeug: 172.20.0.1 - - [18/Dec/2023 12:10:04] "POST /web/action/load HTTP/1.1" 200 - 8 0.016 0.076
2023-12-18 12:10:04,219 1 INFO DBBCS werkzeug: 172.20.0.1 - - [18/Dec/2023 12:10:04] "GET /web/image?model=res.users&field=avatar_128&id=2 HTTP/1.1" 200 - 7 0.056 0.070
2023-12-18 12:10:04,386 1 INFO DBBCS werkzeug: 172.20.0.1 - - [18/Dec/2023 12:10:04] "POST /mail/inbox/messages HTTP/1.1" 200 - 8 0.125 0.060
2023-12-18 12:10:04,417 1 INFO DBBCS werkzeug: 172.20.0.1 - - [18/Dec/2023 12:10:04] "GET /web/image/mail.channel/1/avatar_128?unique=3175456b61e6855756cc5e3ac9297bd97c5476757d232c9e082320ac2833c3c2059e422c450f0f9df274888ca84b095c158ce4472f015930277c9cb91f84aec7 HTTP/1.1" 200 - 3 0.024 0.042
2023-12-18 12:10:04,475 1 INFO DBBCS werkzeug: 172.20.0.1 - - [18/Dec/2023 12:10:04] "GET /web/image/res.partner/2/avatar_128 HTTP/1.1" 200 - 8 0.044 0.082
2023-12-18 12:10:05,256 1 INFO ? werkzeug: 172.20.0.1 - - [18/Dec/2023 12:10:05] "GET /web_tour/static/src/xml/tip.xml?debug=1702901405223 HTTP/1.1" 200 - - - -
2023-12-18 12:10:49,595 1 INFO DBBCS werkzeug: 172.20.0.1 - - [18/Dec/2023 12:10:49] "POST /longpolling/poll HTTP/1.1" 200 - 9 0.044 50.175
2023-12-18 12:10:51,014 1 INFO DBBCS werkzeug: 172.20.0.1 - - [18/Dec/2023 12:10:51] "POST /longpolling/im_status HTTP/1.1" 200 - 4 0.006 0.051
2023-12-18 12:11:40,119 1 INFO DBBCS werkzeug: 172.20.0.1 - - [18/Dec/2023 12:11:40] "POST /longpolling/poll HTTP/1.1" 200 - 9 0.068 50.081
2023-12-18 12:11:41,992 1 INFO DBBCS werkzeug: 172.20.0.1 - - [18/Dec/2023 12:11:41] "POST /longpolling/im_status HTTP/1.1" 200 - 4 0.009 0.024
2023-12-18 12:12:30,169 1 INFO DBBCS werkzeug: 172.20.0.1 - - [18/Dec/2023 12:12:30] "POST /longpolling/poll HTTP/1.1" 200 - 9 0.005 50.032
2023-12-18 12:12:32,987 1 INFO DBBCS werkzeug: 172.20.0.1 - - [18/Dec/2023 12:12:32] "POST /longpolling/im_status HTTP/1.1" 200 - 4 0.004 0.026
2023-12-18 12:13:20,272 1 INFO DBBCS werkzeug: 172.20.0.1 - - [18/Dec/2023 12:13:20] "POST /longpolling/poll HTTP/1.1" 200 - 9 0.039 50.048
2023-12-18 12:13:23,017 1 INFO DBBCS werkzeug: 172.20.0.1 - - [18/Dec/2023 12:13:23] "POST /longpolling/im_status HTTP/1.1" 200 - 4 0.004 0.024
2023-12-18 12:14:10,336 1 INFO DBBCS werkzeug: 172.20.0.1 - - [18/Dec/2023 12:14:10] "POST /longpolling/poll HTTP/1.1" 200 - 9 0.007 50.045
2023-12-18 12:14:13,067 1 INFO DBBCS werkzeug: 172.20.0.1 - - [18/Dec/2023 12:14:13] "POST /longpolling/im_status HTTP/1.1" 200 - 4 0.003 0.025
2023-12-18 12:15:00,399 1 INFO DBBCS werkzeug: 172.20.0.1 - - [18/Dec/2023 12:15:00] "POST /longpolling/poll HTTP/1.1" 200 - 9 0.008 50.041
2023-12-18 12:15:03,104 1 INFO DBBCS werkzeug: 172.20.0.1 - - [18/Dec/2023 12:15:03] "POST /longpolling/im_status HTTP/1.1" 200 - 4 0.003 0.022
2023-12-18 12:15:07,655 1 INFO DBBCS werkzeug: 172.20.0.1 - - [18/Dec/2023 12:15:07] "POST /web/action/load HTTP/1.1" 200 - 28 0.029 0.047
2023-12-18 12:15:07,805 1 INFO DBBCS werkzeug: 172.20.0.1 - - [18/Dec/2023 12:15:07] "POST /web/dataset/call_kw/ir.module.module/load_views HTTP/1.1" 200 - 57 0.058 0.076
2023-12-18 12:15:07,950 1 INFO DBBCS werkzeug: 172.20.0.1 - - [18/Dec/2023 12:15:07] "POST /web/dataset/call_kw/ir.module.module/search_panel_select_range HTTP/1.1" 200 - 43 0.038 0.053
2023-12-18 12:15:08,003 1 INFO DBBCS werkzeug: 172.20.0.1 - - [18/Dec/2023 12:15:08] "POST /web/dataset/search_read HTTP/1.1" 200 - 3 0.004 0.030
2023-12-18 12:15:08,330 1 INFO DBBCS werkzeug: 172.20.0.1 - - [18/Dec/2023 12:15:08] "GET /t/static/description/icon.png HTTP/1.1" 404 - 2 0.002 0.043
2023-12-18 12:15:10,886 1 INFO DBBCS odoo.addons.base.models.ir_module: ALLOW access to module.button_immediate_install on ['BCS Clients'] to user mhamedelazzaoui17@gmail.com #2 via 172.20.0.1 
2023-12-18 12:15:10,888 1 INFO DBBCS odoo.addons.base.models.ir_module: User #2 triggered module installation 
2023-12-18 12:15:10,891 1 INFO DBBCS odoo.addons.base.models.ir_module: ALLOW access to module.button_install on ['BCS Clients'] to user mhamedelazzaoui17@gmail.com #2 via 172.20.0.1 
2023-12-18 12:15:11,065 1 INFO DBBCS odoo.modules.loading: loading 1 modules... 
2023-12-18 12:15:11,077 1 INFO DBBCS odoo.modules.loading: 1 modules loaded in 0.01s, 0 queries (+0 extra) 
2023-12-18 12:15:11,109 1 INFO DBBCS odoo.modules.loading: updating modules list 
2023-12-18 12:15:11,111 1 INFO DBBCS odoo.addons.base.models.ir_module: ALLOW access to module.update_list on [] to user __system__ #1 via 172.20.0.1 
2023-12-18 12:15:14,160 1 INFO DBBCS odoo.modules.loading: loading 35 modules... 
2023-12-18 12:15:14,181 1 WARNING DBBCS odoo.models: The model login.image has no _description 
2023-12-18 12:15:14,192 1 WARNING DBBCS odoo.models: The model login.image has no _description 
2023-12-18 12:15:14,198 1 INFO DBBCS odoo.modules.loading: 35 modules loaded in 0.04s, 0 queries (+0 extra) 
2023-12-18 12:15:14,249 1 INFO DBBCS odoo.modules.loading: loading 36 modules... 
2023-12-18 12:15:14,250 1 INFO DBBCS odoo.modules.loading: Loading module BCS (4/36) 
2023-12-18 12:15:14,456 1 INFO DBBCS odoo.modules.registry: module BCS: creating or updating database tables 
2023-12-18 12:15:15,322 1 INFO DBBCS odoo.modules.loading: loading BCS/security/ir.model.access.csv 
2023-12-18 12:15:15,393 1 INFO DBBCS odoo.models.unlink: User #1 deleted ir.model.data records with IDs: [6004] 
2023-12-18 12:15:15,401 1 INFO DBBCS odoo.models.unlink: User #1 deleted ir.model.data records with IDs: [6005] 
2023-12-18 12:15:15,409 1 INFO DBBCS odoo.models.unlink: User #1 deleted ir.model.data records with IDs: [6006] 
2023-12-18 12:15:15,414 1 WARNING DBBCS odoo.models: Creating record access.res.farm in module BCS. 
2023-12-18 12:15:15,416 1 WARNING DBBCS odoo.models: Creating record access.res.zone in module BCS. 
2023-12-18 12:15:15,418 1 WARNING DBBCS odoo.models: Creating record access.res.sensor in module BCS. 
2023-12-18 12:15:15,453 1 INFO DBBCS odoo.modules.loading: loading BCS/report/user_card.xml 
2023-12-18 12:15:15,517 1 INFO DBBCS odoo.modules.loading: loading BCS/report/report.xml 
2023-12-18 12:15:15,566 1 INFO DBBCS odoo.modules.loading: loading BCS/views/menu.xml 
2023-12-18 12:15:15,630 1 INFO DBBCS odoo.modules.loading: loading BCS/views/clients_view.xml 
2023-12-18 12:15:15,721 1 INFO DBBCS odoo.modules.loading: loading BCS/views/farms_view.xml 
2023-12-18 12:15:15,778 1 INFO DBBCS odoo.modules.loading: loading BCS/views/zones_view.xml 
2023-12-18 12:15:15,830 1 INFO DBBCS odoo.modules.loading: loading BCS/views/sensors_view.xml 
2023-12-18 12:15:15,923 1 INFO DBBCS odoo.addons.base.models.ir_translation: module BCS: no translation for language ar_001 
2023-12-18 12:15:15,963 1 INFO DBBCS odoo.addons.base.models.ir_translation: module BCS: no translation for language fr 
2023-12-18 12:15:16,020 1 WARNING DBBCS odoo.modules.loading: The models ['res.data'] have no access rules in module BCS, consider adding some, like:
id,name,model_id:id,group_id:id,perm_read,perm_write,perm_create,perm_unlink
BCS.access_res_data,access_res_data,BCS.model_res_data,base.group_user,1,0,0,0 
2023-12-18 12:15:16,062 1 INFO DBBCS odoo.modules.loading: Module BCS loaded in 1.81s, 296 queries 
2023-12-18 12:15:16,064 1 INFO DBBCS odoo.modules.loading: 36 modules loaded in 1.81s, 296 queries (+0 extra) 
2023-12-18 12:15:16,658 1 INFO DBBCS odoo.modules.loading: Modules loaded. 
2023-12-18 12:15:16,668 1 INFO DBBCS odoo.modules.registry: Registry loaded in 5.632s 
2023-12-18 12:15:16,670 1 INFO DBBCS odoo.addons.base.models.ir_module: getting next ir.actions.todo() 
2023-12-18 12:15:16,677 1 INFO DBBCS odoo.modules.registry: Registry changed, signaling through the database 
2023-12-18 12:15:16,687 1 INFO DBBCS werkzeug: 172.20.0.1 - - [18/Dec/2023 12:15:16] "POST /web/dataset/call_button HTTP/1.1" 200 - 1870 2.011 3.810
2023-12-18 12:15:16,761 1 INFO DBBCS odoo.addons.base.models.ir_http: Generating routing map for key 1 
2023-12-18 12:15:18,297 1 INFO DBBCS werkzeug: 172.20.0.1 - - [18/Dec/2023 12:15:18] "GET /web HTTP/1.1" 200 - 281 0.426 1.143
2023-12-18 12:15:18,409 1 INFO DBBCS werkzeug: 172.20.0.1 - - [18/Dec/2023 12:15:18] "GET /web/webclient/load_menus/21e2949c7ea1ba0bbfad5d8f14eddf256e7ad37ac00afd7411af255c8e988f9c HTTP/1.1" 200 - 1 0.001 0.037
2023-12-18 12:15:19,878 1 INFO DBBCS werkzeug: 172.20.0.1 - - [18/Dec/2023 12:15:19] "POST /web/dataset/call_kw/res.users/systray_get_activities HTTP/1.1" 200 - 4 0.026 0.319
2023-12-18 12:15:19,938 1 INFO DBBCS werkzeug: 172.20.0.1 - - [18/Dec/2023 12:15:19] "POST /mail/init_messaging HTTP/1.1" 200 - 68 0.423 0.159
2023-12-18 12:15:19,982 1 INFO DBBCS werkzeug: 172.20.0.1 - - [18/Dec/2023 12:15:19] "GET /web/image?model=res.users&field=avatar_128&id=2 HTTP/1.1" 304 - 9 0.040 0.382
2023-12-18 12:15:20,104 1 INFO DBBCS werkzeug: 172.20.0.1 - - [18/Dec/2023 12:15:20] "POST /web/action/load HTTP/1.1" 200 - 54 0.285 0.243
2023-12-18 12:15:20,124 1 INFO DBBCS werkzeug: 172.20.0.1 - - [18/Dec/2023 12:15:20] "POST /longpolling/im_status HTTP/1.1" 200 - 4 0.009 0.055
2023-12-18 12:15:20,154 1 INFO DBBCS werkzeug: 172.20.0.1 - - [18/Dec/2023 12:15:20] "POST /mail/load_message_failures HTTP/1.1" 200 - 3 0.054 0.038
2023-12-18 12:15:20,401 1 INFO DBBCS werkzeug: 172.20.0.1 - - [18/Dec/2023 12:15:20] "POST /web/dataset/call_kw/res.users/load_views HTTP/1.1" 200 - 62 0.068 0.202
2023-12-18 12:15:20,467 1 ERROR DBBCS odoo.osv.expression: Non-stored field res.users.accesses_count cannot be searched. 
NoneType: None
2023-12-18 12:15:20,495 1 INFO DBBCS werkzeug: 172.20.0.1 - - [18/Dec/2023 12:15:20] "POST /web/dataset/search_read HTTP/1.1" 200 - 16 0.032 0.031
2023-12-18 12:15:20,532 1 INFO DBBCS werkzeug: 172.20.0.1 - - [18/Dec/2023 12:15:20] "POST /web/dataset/call_kw/res.users/has_group HTTP/1.1" 200 - 2 0.002 0.018
2023-12-18 12:15:23,669 1 ERROR DBBCS odoo.osv.expression: Non-stored field res.users.accesses_count cannot be searched. 
NoneType: None
2023-12-18 12:15:23,690 1 INFO DBBCS werkzeug: 172.20.0.1 - - [18/Dec/2023 12:15:23] "POST /web/dataset/search_read HTTP/1.1" 200 - 8 0.007 0.029
2023-12-18 12:15:24,617 1 INFO DBBCS werkzeug: 172.20.0.1 - - [18/Dec/2023 12:15:24] "POST /web/action/load HTTP/1.1" 200 - 13 0.011 0.036
2023-12-18 12:15:24,695 1 INFO DBBCS werkzeug: 172.20.0.1 - - [18/Dec/2023 12:15:24] "POST /web/dataset/call_kw/res.farm/load_views HTTP/1.1" 200 - 32 0.024 0.043
2023-12-18 12:15:24,734 1 INFO DBBCS werkzeug: 172.20.0.1 - - [18/Dec/2023 12:15:24] "POST /web/dataset/search_read HTTP/1.1" 200 - 3 0.007 0.019
2023-12-18 12:15:25,984 1 INFO DBBCS werkzeug: 172.20.0.1 - - [18/Dec/2023 12:15:25] "POST /web/action/load HTTP/1.1" 200 - 11 0.009 0.030
2023-12-18 12:15:26,074 1 INFO DBBCS werkzeug: 172.20.0.1 - - [18/Dec/2023 12:15:26] "POST /web/dataset/call_kw/res.zone/load_views HTTP/1.1" 200 - 15 0.022 0.045
2023-12-18 12:15:26,123 1 INFO DBBCS werkzeug: 172.20.0.1 - - [18/Dec/2023 12:15:26] "POST /web/dataset/search_read HTTP/1.1" 200 - 3 0.009 0.024
2023-12-18 12:15:26,863 1 INFO DBBCS werkzeug: 172.20.0.1 - - [18/Dec/2023 12:15:26] "POST /web/dataset/search_read HTTP/1.1" 200 - 2 0.001 0.024
2023-12-18 12:15:27,278 1 ERROR DBBCS odoo.osv.expression: Non-stored field res.users.accesses_count cannot be searched. 
NoneType: None
2023-12-18 12:15:27,299 1 INFO DBBCS werkzeug: 172.20.0.1 - - [18/Dec/2023 12:15:27] "POST /web/dataset/search_read HTTP/1.1" 200 - 8 0.005 0.034
2023-12-18 12:15:29,350 1 INFO DBBCS werkzeug: 172.20.0.1 - - [18/Dec/2023 12:15:29] "POST /web/dataset/search_read HTTP/1.1" 200 - 2 0.001 0.021
2023-12-18 12:15:30,547 1 INFO DBBCS werkzeug: 172.20.0.1 - - [18/Dec/2023 12:15:30] "POST /web/dataset/call_kw/res.farm/onchange HTTP/1.1" 200 - 3 0.008 0.024
2023-12-18 12:15:31,727 1 INFO DBBCS werkzeug: 172.20.0.1 - - [18/Dec/2023 12:15:31] "POST /web/dataset/call_kw/res.users/name_search HTTP/1.1" 200 - 4 0.004 0.030
2023-12-18 12:15:32,910 1 INFO DBBCS werkzeug: 172.20.0.1 - - [18/Dec/2023 12:15:32] "POST /web/dataset/call_kw/res.farm/onchange HTTP/1.1" 200 - 1 0.001 0.024
2023-12-18 12:15:37,035 1 INFO DBBCS werkzeug: 172.20.0.1 - - [18/Dec/2023 12:15:37] "POST /web/dataset/call_kw/res.zone/onchange HTTP/1.1" 200 - 5 0.025 0.025
2023-12-18 12:15:37,073 1 INFO ? werkzeug: 172.20.0.1 - - [18/Dec/2023 12:15:37] "GET /web/static/src/legacy/xml/dialog.xml?debug=1702901737056 HTTP/1.1" 200 - - - -
2023-12-18 12:15:39,587 1 INFO DBBCS werkzeug: 172.20.0.1 - - [18/Dec/2023 12:15:39] "POST /web/dataset/call_kw/res.zone/onchange HTTP/1.1" 200 - 4 0.002 0.029
2023-12-18 12:15:42,931 1 INFO DBBCS werkzeug: 172.20.0.1 - - [18/Dec/2023 12:15:42] "POST /web/dataset/call_kw/res.farm/create HTTP/1.1" 200 - 15 0.028 0.040
2023-12-18 12:15:43,010 1 INFO DBBCS werkzeug: 172.20.0.1 - - [18/Dec/2023 12:15:43] "POST /web/dataset/call_kw/res.farm/read HTTP/1.1" 200 - 7 0.043 0.024
2023-12-18 12:15:43,042 1 INFO DBBCS werkzeug: 172.20.0.1 - - [18/Dec/2023 12:15:43] "POST /web/dataset/call_kw/res.zone/read HTTP/1.1" 200 - 2 0.001 0.020
2023-12-18 12:15:44,579 1 INFO DBBCS werkzeug: 172.20.0.1 - - [18/Dec/2023 12:15:44] "POST /web/dataset/search_read HTTP/1.1" 200 - 5 0.005 0.027
2023-12-18 12:15:47,700 1 INFO DBBCS werkzeug: 172.20.0.1 - - [18/Dec/2023 12:15:47] "POST /web/dataset/call_kw/res.farm/read HTTP/1.1" 200 - 7 0.003 0.026
2023-12-18 12:15:47,732 1 INFO DBBCS werkzeug: 172.20.0.1 - - [18/Dec/2023 12:15:47] "POST /web/dataset/call_kw/res.zone/read HTTP/1.1" 200 - 2 0.001 0.020
2023-12-18 12:15:50,449 1 INFO DBBCS werkzeug: 172.20.0.1 - - [18/Dec/2023 12:15:50] "POST /longpolling/poll HTTP/1.1" 200 - 9 0.006 50.034
2023-12-18 12:16:06,448 1 INFO DBBCS werkzeug: 172.20.0.1 - - [18/Dec/2023 12:16:06] "POST /web/dataset/search_read HTTP/1.1" 200 - 5 0.006 0.033
2023-12-18 12:16:07,694 1 ERROR DBBCS odoo.osv.expression: Non-stored field res.users.accesses_count cannot be searched. 
NoneType: None
2023-12-18 12:16:07,723 1 INFO DBBCS werkzeug: 172.20.0.1 - - [18/Dec/2023 12:16:07] "POST /web/dataset/search_read HTTP/1.1" 200 - 8 0.010 0.042
2023-12-18 12:16:09,940 1 INFO DBBCS werkzeug: 172.20.0.1 - - [18/Dec/2023 12:16:09] "POST /longpolling/poll HTTP/1.1" 200 - 13 0.058 50.320
2023-12-18 12:16:10,184 1 INFO DBBCS werkzeug: 172.20.0.1 - - [18/Dec/2023 12:16:10] "POST /longpolling/im_status HTTP/1.1" 200 - 4 0.004 0.031
2023-12-18 12:16:10,239 1 INFO DBBCS werkzeug: 172.20.0.1 - - [18/Dec/2023 12:16:10] "POST /web/action/load HTTP/1.1" 200 - 28 0.086 0.048
2023-12-18 12:16:10,414 1 INFO DBBCS werkzeug: 172.20.0.1 - - [18/Dec/2023 12:16:10] "POST /web/dataset/call_kw/ir.module.module/load_views HTTP/1.1" 200 - 51 0.091 0.071
2023-12-18 12:16:10,524 1 INFO DBBCS werkzeug: 172.20.0.1 - - [18/Dec/2023 12:16:10] "POST /web/dataset/call_kw/ir.module.module/search_panel_select_range HTTP/1.1" 200 - 43 0.040 0.040
2023-12-18 12:16:10,568 1 INFO DBBCS werkzeug: 172.20.0.1 - - [18/Dec/2023 12:16:10] "POST /web/dataset/search_read HTTP/1.1" 200 - 3 0.007 0.026
2023-12-18 12:16:10,859 1 INFO DBBCS werkzeug: 172.20.0.1 - - [18/Dec/2023 12:16:10] "GET /t/static/description/icon.png HTTP/1.1" 404 - 2 0.011 0.050
2023-12-18 12:16:13,809 1 INFO DBBCS odoo.addons.base.models.ir_module: ALLOW access to module.button_uninstall_wizard on ['BCS Clients'] to user mhamedelazzaoui17@gmail.com #2 via 172.20.0.1 
2023-12-18 12:16:13,825 1 INFO DBBCS werkzeug: 172.20.0.1 - - [18/Dec/2023 12:16:13] "POST /web/dataset/call_button HTTP/1.1" 200 - 4 0.007 0.036
2023-12-18 12:16:13,912 1 INFO DBBCS werkzeug: 172.20.0.1 - - [18/Dec/2023 12:16:13] "POST /web/dataset/call_kw/base.module.uninstall/load_views HTTP/1.1" 200 - 24 0.023 0.045
2023-12-18 12:16:13,998 1 INFO DBBCS werkzeug: 172.20.0.1 - - [18/Dec/2023 12:16:13] "POST /web/dataset/call_kw/base.module.uninstall/onchange HTTP/1.1" 200 - 13 0.034 0.032
2023-12-18 12:16:14,031 1 INFO DBBCS werkzeug: 172.20.0.1 - - [18/Dec/2023 12:16:14] "POST /web/dataset/call_kw/ir.module.module/read HTTP/1.1" 200 - 2 0.003 0.018
2023-12-18 12:16:16,208 1 INFO DBBCS werkzeug: 172.20.0.1 - - [18/Dec/2023 12:16:16] "POST /web/dataset/call_kw/base.module.uninstall/create HTTP/1.1" 200 - 6 0.010 0.050
2023-12-18 12:16:16,278 1 INFO DBBCS werkzeug: 172.20.0.1 - - [18/Dec/2023 12:16:16] "POST /web/dataset/call_kw/base.module.uninstall/read HTTP/1.1" 200 - 10 0.024 0.033
2023-12-18 12:16:16,320 1 INFO DBBCS werkzeug: 172.20.0.1 - - [18/Dec/2023 12:16:16] "POST /web/dataset/call_kw/ir.module.module/read HTTP/1.1" 200 - 2 0.002 0.025
2023-12-18 12:16:16,355 1 INFO DBBCS odoo.addons.base.models.ir_module: ALLOW access to module.button_immediate_uninstall on ['BCS Clients'] to user mhamedelazzaoui17@gmail.com #2 via 172.20.0.1 
2023-12-18 12:16:16,357 1 INFO DBBCS odoo.addons.base.models.ir_module: User #2 triggered module uninstallation 
2023-12-18 12:16:16,363 1 INFO DBBCS odoo.addons.base.models.ir_module: ALLOW access to module.button_uninstall on ['BCS Clients'] to user mhamedelazzaoui17@gmail.com #2 via 172.20.0.1 
2023-12-18 12:16:16,439 1 INFO DBBCS odoo.modules.loading: loading 1 modules... 
2023-12-18 12:16:16,452 1 INFO DBBCS odoo.modules.loading: 1 modules loaded in 0.01s, 0 queries (+0 extra) 
2023-12-18 12:16:16,484 1 INFO DBBCS odoo.modules.loading: updating modules list 
2023-12-18 12:16:16,486 1 INFO DBBCS odoo.addons.base.models.ir_module: ALLOW access to module.update_list on [] to user __system__ #1 via 172.20.0.1 
2023-12-18 12:16:20,334 1 INFO DBBCS odoo.modules.loading: loading 36 modules... 
2023-12-18 12:16:20,358 1 WARNING DBBCS odoo.models: The model login.image has no _description 
2023-12-18 12:16:20,369 1 WARNING DBBCS odoo.models: The model login.image has no _description 
2023-12-18 12:16:20,376 1 INFO DBBCS odoo.modules.loading: 36 modules loaded in 0.04s, 0 queries (+0 extra) 
2023-12-18 12:16:20,483 1 INFO DBBCS odoo.addons.base.models.ir_module: ALLOW access to module.module_uninstall on ['BCS Clients'] to user __system__ #1 via 172.20.0.1 
2023-12-18 12:16:20,493 1 INFO DBBCS odoo.addons.base.models.ir_model: Deleting ir.ui.menu(152,) 
2023-12-18 12:16:20,576 1 INFO DBBCS odoo.models.unlink: User #1 deleted ir.model.data records with IDs: [17208] 
2023-12-18 12:16:20,577 1 INFO DBBCS odoo.models.unlink: User #1 deleted ir.ui.menu records with IDs: [152] 
2023-12-18 12:16:20,581 1 INFO DBBCS odoo.addons.base.models.ir_model: Deleting ir.actions.act_window(209,) 
2023-12-18 12:16:20,615 1 INFO DBBCS odoo.models.unlink: User #1 deleted ir.model.data records with IDs: [17207] 
2023-12-18 12:16:20,617 1 INFO DBBCS odoo.models.unlink: User #1 deleted ir.actions.act_window records with IDs: [209] 
2023-12-18 12:16:20,620 1 INFO DBBCS odoo.addons.base.models.ir_model: Deleting ir.ui.view(1126, 1125) 
2023-12-18 12:16:20,664 1 INFO DBBCS odoo.models.unlink: User #1 deleted ir.model.data records with IDs: [17206, 17205] 
2023-12-18 12:16:20,666 1 INFO DBBCS odoo.models.unlink: User #1 deleted ir.ui.view records with IDs: [1126, 1125] 
2023-12-18 12:16:20,669 1 INFO DBBCS odoo.addons.base.models.ir_model: Deleting ir.ui.menu(151,) 
2023-12-18 12:16:20,682 1 INFO DBBCS odoo.models.unlink: User #1 deleted ir.model.data records with IDs: [17204] 
2023-12-18 12:16:20,683 1 INFO DBBCS odoo.models.unlink: User #1 deleted ir.ui.menu records with IDs: [151] 
2023-12-18 12:16:20,686 1 INFO DBBCS odoo.addons.base.models.ir_model: Deleting ir.actions.act_window(208,) 
2023-12-18 12:16:20,701 1 INFO DBBCS odoo.models.unlink: User #1 deleted ir.model.data records with IDs: [17203] 
2023-12-18 12:16:20,702 1 INFO DBBCS odoo.models.unlink: User #1 deleted ir.actions.act_window records with IDs: [208] 
2023-12-18 12:16:20,705 1 INFO DBBCS odoo.addons.base.models.ir_model: Deleting ir.ui.view(1124, 1123) 
2023-12-18 12:16:20,724 1 INFO DBBCS odoo.models.unlink: User #1 deleted ir.model.data records with IDs: [17202, 17201] 
2023-12-18 12:16:20,726 1 INFO DBBCS odoo.models.unlink: User #1 deleted ir.ui.view records with IDs: [1124, 1123] 
2023-12-18 12:16:20,729 1 INFO DBBCS odoo.addons.base.models.ir_model: Deleting ir.ui.menu(150,) 
2023-12-18 12:16:20,743 1 INFO DBBCS odoo.models.unlink: User #1 deleted ir.model.data records with IDs: [17200] 
2023-12-18 12:16:20,745 1 INFO DBBCS odoo.models.unlink: User #1 deleted ir.ui.menu records with IDs: [150] 
2023-12-18 12:16:20,748 1 INFO DBBCS odoo.addons.base.models.ir_model: Deleting ir.actions.act_window(207,) 
2023-12-18 12:16:20,763 1 INFO DBBCS odoo.models.unlink: User #1 deleted ir.model.data records with IDs: [17199] 
2023-12-18 12:16:20,765 1 INFO DBBCS odoo.models.unlink: User #1 deleted ir.actions.act_window records with IDs: [207] 
2023-12-18 12:16:20,768 1 INFO DBBCS odoo.addons.base.models.ir_model: Deleting ir.ui.view(1122, 1121) 
2023-12-18 12:16:20,787 1 INFO DBBCS odoo.models.unlink: User #1 deleted ir.model.data records with IDs: [17198, 17197] 
2023-12-18 12:16:20,789 1 INFO DBBCS odoo.models.unlink: User #1 deleted ir.ui.view records with IDs: [1122, 1121] 
2023-12-18 12:16:20,792 1 INFO DBBCS odoo.addons.base.models.ir_model: Deleting ir.ui.menu(149,) 
2023-12-18 12:16:20,805 1 INFO DBBCS odoo.models.unlink: User #1 deleted ir.model.data records with IDs: [17196] 
2023-12-18 12:16:20,807 1 INFO DBBCS odoo.models.unlink: User #1 deleted ir.ui.menu records with IDs: [149] 
2023-12-18 12:16:20,810 1 INFO DBBCS odoo.addons.base.models.ir_model: Deleting ir.actions.act_window(206,) 
2023-12-18 12:16:20,824 1 INFO DBBCS odoo.models.unlink: User #1 deleted ir.model.data records with IDs: [17195] 
2023-12-18 12:16:20,825 1 INFO DBBCS odoo.models.unlink: User #1 deleted ir.actions.act_window records with IDs: [206] 
2023-12-18 12:16:20,828 1 INFO DBBCS odoo.addons.base.models.ir_model: Deleting ir.ui.view(1120, 1119, 1118) 
2023-12-18 12:16:20,847 1 INFO DBBCS odoo.models.unlink: User #1 deleted ir.model.data records with IDs: [17194, 17193, 17192] 
2023-12-18 12:16:20,849 1 INFO DBBCS odoo.models.unlink: User #1 deleted ir.ui.view records with IDs: [1120, 1119, 1118] 
2023-12-18 12:16:20,852 1 INFO DBBCS odoo.addons.base.models.ir_model: Deleting ir.ui.menu(148,) 
2023-12-18 12:16:20,867 1 INFO DBBCS odoo.models.unlink: User #1 deleted ir.model.data records with IDs: [17191] 
2023-12-18 12:16:20,869 1 INFO DBBCS odoo.models.unlink: User #1 deleted ir.ui.menu records with IDs: [148] 
2023-12-18 12:16:20,872 1 INFO DBBCS odoo.addons.base.models.ir_model: Deleting ir.actions.report(205,) 
2023-12-18 12:16:20,889 1 INFO DBBCS odoo.models.unlink: User #1 deleted ir.model.data records with IDs: [17190] 
2023-12-18 12:16:20,891 1 INFO DBBCS odoo.models.unlink: User #1 deleted ir.actions.report records with IDs: [205] 
2023-12-18 12:16:20,894 1 INFO DBBCS odoo.addons.base.models.ir_model: Deleting ir.ui.view(1117,) 
2023-12-18 12:16:20,914 1 INFO DBBCS odoo.models.unlink: User #1 deleted ir.model.data records with IDs: [17189] 
2023-12-18 12:16:20,917 1 INFO DBBCS odoo.models.unlink: User #1 deleted ir.ui.view records with IDs: [1117] 
2023-12-18 12:16:20,948 1 INFO DBBCS odoo.addons.base.models.ir_model: Dropped FK CONSTRAINT res_data_write_uid_fkey@res.data 
2023-12-18 12:16:20,953 1 INFO DBBCS odoo.addons.base.models.ir_model: Dropped FK CONSTRAINT res_data_create_uid_fkey@res.data 
2023-12-18 12:16:20,958 1 INFO DBBCS odoo.addons.base.models.ir_model: Dropped FK CONSTRAINT res_data_sensor_fkey@res.data 
2023-12-18 12:16:20,963 1 INFO DBBCS odoo.addons.base.models.ir_model: Dropped FK CONSTRAINT res_sensor_write_uid_fkey@res.sensor 
2023-12-18 12:16:20,967 1 INFO DBBCS odoo.addons.base.models.ir_model: Dropped FK CONSTRAINT res_sensor_create_uid_fkey@res.sensor 
2023-12-18 12:16:20,971 1 INFO DBBCS odoo.addons.base.models.ir_model: Dropped FK CONSTRAINT res_sensor_zone_fkey@res.sensor 
2023-12-18 12:16:20,975 1 INFO DBBCS odoo.addons.base.models.ir_model: Dropped FK CONSTRAINT res_zone_write_uid_fkey@res.zone 
2023-12-18 12:16:20,979 1 INFO DBBCS odoo.addons.base.models.ir_model: Dropped FK CONSTRAINT res_zone_create_uid_fkey@res.zone 
2023-12-18 12:16:20,984 1 INFO DBBCS odoo.addons.base.models.ir_model: Dropped FK CONSTRAINT res_zone_farm_fkey@res.zone 
2023-12-18 12:16:20,988 1 INFO DBBCS odoo.addons.base.models.ir_model: Dropped FK CONSTRAINT res_farm_write_uid_fkey@res.farm 
2023-12-18 12:16:20,992 1 INFO DBBCS odoo.addons.base.models.ir_model: Dropped FK CONSTRAINT res_farm_create_uid_fkey@res.farm 
2023-12-18 12:16:20,997 1 INFO DBBCS odoo.addons.base.models.ir_model: Dropped FK CONSTRAINT res_farm_client_fkey@res.farm 
2023-12-18 12:16:21,005 1 INFO DBBCS odoo.models.unlink: User #1 deleted ir.model.constraint records with IDs: [826, 827, 828, 829, 830, 831, 832, 833, 834, 835, 836, 837] 
2023-12-18 12:16:21,008 1 INFO DBBCS odoo.addons.base.models.ir_model: Deleting ir.model.fields.selection(540,) 
2023-12-18 12:16:21,024 1 INFO DBBCS odoo.models.unlink: User #1 deleted ir.model.data records with IDs: [17183] 
2023-12-18 12:16:21,025 1 INFO DBBCS odoo.models.unlink: User #1 deleted ir.model.fields.selection records with IDs: [540] 
2023-12-18 12:16:21,032 1 INFO DBBCS odoo.addons.base.models.ir_model: Deleting ir.model.fields(4015, 4014, 4012, 4011, 4010, 4005, 4004, 4002, 4001, 4000, 3999, 3998, 3997, 3996, 3991, 3990, 3988, 3987, 3986, 3985, 3984, 3983, 3978, 3977, 3975, 3974, 3973, 3972, 3971, 3970, 3969) 
2023-12-18 12:16:21,243 1 INFO DBBCS odoo.models.unlink: User #1 deleted ir.model.data records with IDs: [17166, 17167, 17162, 17164, 17163, 17127, 17126, 17129, 17122, 17130, 17125, 17124, 17123, 17156, 17157, 17153, 17151, 17149, 17148, 17154, 17150, 17152, 17121, 17139, 17142, 17143, 17137, 17140, 17136, 17135, 17138] 
2023-12-18 12:16:21,245 1 INFO DBBCS odoo.models.unlink: User #1 deleted ir.model.fields records with IDs: [4015, 4014, 4012, 4011, 4010, 4005, 4004, 4002, 4001, 4000, 3999, 3998, 3997, 3996, 3991, 3990, 3988, 3987, 3986, 3985, 3984, 3983, 3978, 3977, 3975, 3974, 3973, 3972, 3971, 3970, 3969] 
2023-12-18 12:16:21,256 1 INFO DBBCS odoo.addons.base.models.ir_model: Deleting ir.model(536, 535, 534, 533) 
2023-12-18 12:16:21,356 1 INFO DBBCS odoo.models.unlink: User #1 deleted ir.model.data records with IDs: [17120, 17117, 17119, 17118] 
2023-12-18 12:16:21,358 1 INFO DBBCS odoo.models.unlink: User #1 deleted ir.model records with IDs: [536, 535, 534, 533] 
2023-12-18 12:16:21,360 1 INFO DBBCS odoo.addons.base.models.ir_model: ir.model.data could not be deleted ([]) 
2023-12-18 12:16:21,369 1 INFO DBBCS odoo.models.unlink: User #1 deleted ir.model.data records with IDs: [17208, 17207, 17206, 17205, 17204, 17203, 17202, 17201, 17200, 17199, 17198, 17197, 17196, 17195, 17194, 17193, 17192, 17191, 17190, 17189, 17183, 17171, 17170, 17169, 17168, 17167, 17166, 17165, 17164, 17163, 17162, 17161, 17160, 17159, 17158, 17157, 17156, 17155, 17154, 17153, 17152, 17151, 17150, 17149, 17148, 17147, 17146, 17145, 17144, 17143, 17142, 17141, 17140, 17139, 17138, 17137, 17136, 17135, 17134, 17133, 17132, 17131, 17130, 17129, 17128, 17127, 17126, 17125, 17124, 17123, 17122, 17121, 17120, 17119, 17118, 17117, 17116] 
2023-12-18 12:16:21,481 1 INFO DBBCS odoo.modules.loading: Reloading registry once more after uninstalling modules 
2023-12-18 12:16:21,510 1 INFO DBBCS odoo.modules.loading: loading 1 modules... 
2023-12-18 12:16:21,522 1 INFO DBBCS odoo.modules.loading: 1 modules loaded in 0.01s, 0 queries (+0 extra) 
2023-12-18 12:16:21,557 1 INFO DBBCS odoo.modules.loading: updating modules list 
2023-12-18 12:16:21,562 1 INFO DBBCS odoo.addons.base.models.ir_module: ALLOW access to module.update_list on [] to user __system__ #1 via 172.20.0.1 
2023-12-18 12:16:24,857 1 INFO DBBCS odoo.modules.loading: loading 35 modules... 
2023-12-18 12:16:24,881 1 WARNING DBBCS odoo.models: The model login.image has no _description 
2023-12-18 12:16:24,891 1 WARNING DBBCS odoo.models: The model login.image has no _description 
2023-12-18 12:16:24,898 1 INFO DBBCS odoo.modules.loading: 35 modules loaded in 0.04s, 0 queries (+0 extra) 
2023-12-18 12:16:25,260 1 INFO DBBCS odoo.modules.loading: Modules loaded. 
2023-12-18 12:16:25,271 1 INFO DBBCS odoo.modules.registry: Registry loaded in 3.789s 
2023-12-18 12:16:25,278 1 INFO DBBCS odoo.modules.registry: Registry loaded in 8.855s 
2023-12-18 12:16:25,280 1 INFO DBBCS odoo.addons.base.models.ir_module: getting next ir.actions.todo() 
2023-12-18 12:16:25,296 1 INFO DBBCS odoo.modules.registry: Registry changed, signaling through the database 
2023-12-18 12:16:25,310 1 INFO DBBCS werkzeug: 172.20.0.1 - - [18/Dec/2023 12:16:25] "POST /web/dataset/call_button HTTP/1.1" 200 - 2946 2.118 6.857
2023-12-18 12:16:25,369 1 INFO DBBCS odoo.addons.base.models.ir_http: Generating routing map for key 1 
2023-12-18 12:16:26,529 1 INFO DBBCS werkzeug: 172.20.0.1 - - [18/Dec/2023 12:16:26] "GET /web HTTP/1.1" 200 - 274 0.216 0.963
2023-12-18 12:16:26,619 1 INFO DBBCS werkzeug: 172.20.0.1 - - [18/Dec/2023 12:16:26] "GET /web/webclient/load_menus/601a1b68a23f05251fc08bc61918b8c45640a15e365109c01235544ed52d4839 HTTP/1.1" 200 - 1 0.001 0.041
2023-12-18 12:16:27,555 1 INFO DBBCS werkzeug: 172.20.0.1 - - [18/Dec/2023 12:16:27] "POST /web/dataset/call_kw/res.users/systray_get_activities HTTP/1.1" 200 - 4 0.026 0.067
2023-12-18 12:16:27,591 1 INFO DBBCS werkzeug: 172.20.0.1 - - [18/Dec/2023 12:16:27] "POST /web/action/load HTTP/1.1" 200 - 8 0.032 0.083
2023-12-18 12:16:27,704 1 INFO DBBCS werkzeug: 172.20.0.1 - - [18/Dec/2023 12:16:27] "GET /web/image?model=res.users&field=avatar_128&id=2 HTTP/1.1" 304 - 9 0.039 0.197
2023-12-18 12:16:27,733 1 INFO DBBCS werkzeug: 172.20.0.1 - - [18/Dec/2023 12:16:27] "POST /mail/init_messaging HTTP/1.1" 200 - 68 0.267 0.237
2023-12-18 12:16:27,838 1 INFO DBBCS werkzeug: 172.20.0.1 - - [18/Dec/2023 12:16:27] "POST /longpolling/im_status HTTP/1.1" 200 - 4 0.022 0.055
2023-12-18 12:16:27,858 1 INFO DBBCS werkzeug: 172.20.0.1 - - [18/Dec/2023 12:16:27] "POST /mail/load_message_failures HTTP/1.1" 200 - 3 0.061 0.032
2023-12-18 12:16:27,871 1 INFO DBBCS werkzeug: 172.20.0.1 - - [18/Dec/2023 12:16:27] "POST /mail/inbox/messages HTTP/1.1" 200 - 8 0.029 0.057
2023-12-18 12:16:27,948 1 INFO DBBCS werkzeug: 172.20.0.1 - - [18/Dec/2023 12:16:27] "GET /web/image/mail.channel/1/avatar_128?unique=3175456b61e6855756cc5e3ac9297bd97c5476757d232c9e082320ac2833c3c2059e422c450f0f9df274888ca84b095c158ce4472f015930277c9cb91f84aec7 HTTP/1.1" 200 - 3 0.012 0.060
2023-12-18 12:16:27,972 1 INFO DBBCS werkzeug: 172.20.0.1 - - [18/Dec/2023 12:16:27] "GET /web/image/res.partner/2/avatar_128 HTTP/1.1" 200 - 8 0.020 0.079
2023-12-18 12:16:28,734 1 INFO ? werkzeug: 172.20.0.1 - - [18/Dec/2023 12:16:28] "GET /web_tour/static/src/xml/tip.xml?debug=1702901788693 HTTP/1.1" 200 - - - -
2023-12-18 12:16:38,532 1 INFO ? odoo.service.server: Initiating shutdown 
2023-12-18 12:16:38,536 1 INFO ? odoo.service.server: Hit CTRL-C again or send a second signal to force the shutdown. 
2023-12-18 12:16:38,570 1 ERROR ? odoo.addons.bus.models.bus: Bus.loop error, sleep and retry 
Traceback (most recent call last):
  File "/usr/lib/python3/dist-packages/odoo/addons/bus/models/bus.py", line 186, in loop
    conn.poll()
psycopg2.OperationalError: server closed the connection unexpectedly
	This probably means the server terminated abnormally
	before or while processing the request.


During handling of the above exception, another exception occurred:

Traceback (most recent call last):
  File "/usr/lib/python3/dist-packages/odoo/addons/bus/models/bus.py", line 209, in run
    self.loop()
  File "/usr/lib/python3/dist-packages/odoo/addons/bus/models/bus.py", line 195, in loop
    event.set()
  File "/usr/lib/python3/dist-packages/odoo/sql_db.py", line 162, in __exit__
    self.close()
  File "<decorator-gen-4>", line 2, in close
  File "/usr/lib/python3/dist-packages/odoo/sql_db.py", line 90, in check
    return f(self, *args, **kwargs)
  File "/usr/lib/python3/dist-packages/odoo/sql_db.py", line 380, in close
    return self._close(False)
  File "/usr/lib/python3/dist-packages/odoo/sql_db.py", line 406, in _close
    self.rollback()
  File "<decorator-gen-8>", line 2, in rollback
  File "/usr/lib/python3/dist-packages/odoo/sql_db.py", line 90, in check
    return f(self, *args, **kwargs)
  File "/usr/lib/python3/dist-packages/odoo/sql_db.py", line 485, in rollback
    result = self._cnx.rollback()
psycopg2.InterfaceError: connection already closed
2023-12-18 12:16:39,439 1 INFO DBBCS odoo.sql_db: Connection to the database failed 
2023-12-18 12:16:39,442 1 WARNING DBBCS odoo.addons.base.models.ir_cron: Exception in cron: 
Traceback (most recent call last):
  File "/usr/lib/python3/dist-packages/odoo/addons/base/models/ir_cron.py", line 100, in _process_jobs
    with db.cursor() as cron_cr:
  File "/usr/lib/python3/dist-packages/odoo/sql_db.py", line 742, in cursor
    return Cursor(self.__pool, self.__dbname, self.__dsn, serialized=serialized)
  File "/usr/lib/python3/dist-packages/odoo/sql_db.py", line 259, in __init__
    self._cnx = pool.borrow(dsn)
  File "/usr/lib/python3/dist-packages/odoo/sql_db.py", line 603, in _locked
    return fun(self, *args, **kwargs)
  File "/usr/lib/python3/dist-packages/odoo/sql_db.py", line 669, in borrow
    result = psycopg2.connect(
  File "/usr/lib/python3/dist-packages/psycopg2/__init__.py", line 127, in connect
    conn = _connect(dsn, connection_factory=connection_factory, **kwasync)
psycopg2.OperationalError: connection to server at "db" (172.20.0.2), port 5432 failed: FATAL:  the database system is shutting down

2023-12-18 12:16:39,446 1 INFO DBBCS odoo.sql_db: Connection to the database failed 
2023-12-18 12:16:39,455 1 WARNING DBBCS odoo.addons.base.models.ir_cron: Exception in cron: 
Traceback (most recent call last):
  File "/usr/lib/python3/dist-packages/odoo/addons/base/models/ir_cron.py", line 100, in _process_jobs
    with db.cursor() as cron_cr:
  File "/usr/lib/python3/dist-packages/odoo/sql_db.py", line 742, in cursor
    return Cursor(self.__pool, self.__dbname, self.__dsn, serialized=serialized)
  File "/usr/lib/python3/dist-packages/odoo/sql_db.py", line 259, in __init__
    self._cnx = pool.borrow(dsn)
  File "/usr/lib/python3/dist-packages/odoo/sql_db.py", line 603, in _locked
    return fun(self, *args, **kwargs)
  File "/usr/lib/python3/dist-packages/odoo/sql_db.py", line 669, in borrow
    result = psycopg2.connect(
  File "/usr/lib/python3/dist-packages/psycopg2/__init__.py", line 127, in connect
    conn = _connect(dsn, connection_factory=connection_factory, **kwasync)
psycopg2.OperationalError: connection to server at "db" (172.20.0.2), port 5432 failed: FATAL:  the database system is shutting down

2023-12-18 12:16:39,456 1 INFO ? odoo.sql_db: ConnectionPool(used=0/count=0/max=64): Closed 2 connections  
2023-12-18 12:16:39,467 1 INFO DBBCS odoo.sql_db: Connection to the database failed 
2023-12-18 12:16:39,481 1 INFO DBBCS odoo.sql_db: Connection to the database failed 
2023-12-18 12:16:39,492 1 INFO DBBCS werkzeug: 172.20.0.1 - - [18/Dec/2023 12:16:39] "POST /longpolling/poll HTTP/1.1" 200 - 8 0.012 29.523
2023-12-18 12:16:39,493 1 INFO DBBCS werkzeug: 172.20.0.1 - - [18/Dec/2023 12:16:39] "POST /longpolling/poll HTTP/1.1" 200 - 12 0.090 11.930
2023-12-18 12:16:51,964 1 INFO ? odoo: Odoo version 15.0-20230925 
2023-12-18 12:16:51,967 1 INFO ? odoo: Using configuration file at /etc/odoo/odoo.conf 
2023-12-18 12:16:51,969 1 INFO ? odoo: addons paths: ['/usr/lib/python3/dist-packages/odoo/addons', '/etc/odoo/addons/15.0', '/mnt/extra-addons'] 
2023-12-18 12:16:51,971 1 INFO ? odoo: database: odoo@db:5432 
2023-12-18 12:16:52,165 1 INFO ? odoo.addons.base.models.ir_actions_report: Will use the Wkhtmltopdf binary at /usr/local/bin/wkhtmltopdf 
2023-12-18 12:16:52,452 1 INFO ? odoo.service.server: HTTP service (werkzeug) running on 063b892fd9f9:8069 
2023-12-18 12:16:54,114 1 INFO ? odoo.http: HTTP Configuring static files 
2023-12-18 12:16:55,599 1 INFO DBBCS odoo.modules.loading: loading 1 modules... 
2023-12-18 12:16:55,627 1 INFO DBBCS odoo.modules.loading: 1 modules loaded in 0.02s, 0 queries (+0 extra) 
2023-12-18 12:16:55,980 1 INFO DBBCS odoo.modules.loading: loading 35 modules... 
2023-12-18 12:16:56,985 1 WARNING DBBCS odoo.models: The model login.image has no _description 
2023-12-18 12:16:57,115 1 WARNING DBBCS odoo.models: The model login.image has no _description 
2023-12-18 12:16:57,351 1 INFO DBBCS odoo.modules.loading: 35 modules loaded in 1.37s, 0 queries (+0 extra) 
2023-12-18 12:16:57,548 1 INFO DBBCS odoo.modules.loading: Modules loaded. 
2023-12-18 12:16:57,580 1 INFO DBBCS odoo.modules.registry: Registry loaded in 3.433s 
2023-12-18 12:16:57,593 1 INFO DBBCS odoo.addons.base.models.ir_http: Generating routing map for key 1 
2023-12-18 12:16:58,375 1 INFO DBBCS werkzeug: 172.20.0.1 - - [18/Dec/2023 12:16:58] "POST /web/action/load HTTP/1.1" 200 - 50 0.727 3.512
2023-12-18 12:16:58,630 1 INFO DBBCS werkzeug: 172.20.0.1 - - [18/Dec/2023 12:16:58] "POST /web/dataset/call_kw/ir.module.module/load_views HTTP/1.1" 200 - 61 0.142 0.089
2023-12-18 12:16:58,764 1 INFO DBBCS werkzeug: 172.20.0.1 - - [18/Dec/2023 12:16:58] "POST /web/dataset/call_kw/ir.module.module/search_panel_select_range HTTP/1.1" 200 - 43 0.057 0.055
2023-12-18 12:16:58,802 1 INFO DBBCS werkzeug: 172.20.0.1 - - [18/Dec/2023 12:16:58] "POST /web/dataset/search_read HTTP/1.1" 200 - 3 0.004 0.022
2023-12-18 12:16:59,223 1 INFO DBBCS werkzeug: 172.20.0.1 - - [18/Dec/2023 12:16:59] "GET /t/static/description/icon.png HTTP/1.1" 404 - 2 0.031 0.037
2023-12-18 12:17:10,067 1 INFO ? odoo.addons.bus.models.bus: Bus.loop listen imbus on db postgres 
2023-12-18 12:17:18,055 1 INFO DBBCS werkzeug: 172.20.0.1 - - [18/Dec/2023 12:17:18] "POST /longpolling/im_status HTTP/1.1" 200 - 16 0.055 0.041
2023-12-18 12:17:24,482 1 INFO DBBCS odoo.addons.base.models.ir_module: ALLOW access to module.button_immediate_install on ['BCS Clients'] to user mhamedelazzaoui17@gmail.com #2 via 172.20.0.1 
2023-12-18 12:17:24,485 1 INFO DBBCS odoo.addons.base.models.ir_module: User #2 triggered module installation 
2023-12-18 12:17:24,514 1 INFO DBBCS odoo.addons.base.models.ir_module: ALLOW access to module.button_install on ['BCS Clients'] to user mhamedelazzaoui17@gmail.com #2 via 172.20.0.1 
2023-12-18 12:17:25,827 1 INFO DBBCS odoo.modules.loading: loading 1 modules... 
2023-12-18 12:17:25,869 1 INFO DBBCS odoo.modules.loading: 1 modules loaded in 0.04s, 0 queries (+0 extra) 
2023-12-18 12:17:26,011 1 INFO DBBCS odoo.modules.loading: updating modules list 
2023-12-18 12:17:26,033 1 INFO DBBCS odoo.addons.base.models.ir_module: ALLOW access to module.update_list on [] to user __system__ #1 via 172.20.0.1 
2023-12-18 12:17:32,980 1 INFO DBBCS odoo.modules.loading: loading 35 modules... 
2023-12-18 12:17:33,062 1 WARNING DBBCS odoo.models: The model login.image has no _description 
2023-12-18 12:17:33,090 1 WARNING DBBCS odoo.models: The model login.image has no _description 
2023-12-18 12:17:33,101 1 INFO DBBCS odoo.modules.loading: 35 modules loaded in 0.12s, 0 queries (+0 extra) 
2023-12-18 12:17:33,177 1 INFO DBBCS odoo.modules.loading: loading 36 modules... 
2023-12-18 12:17:33,179 1 INFO DBBCS odoo.modules.loading: Loading module BCS (4/36) 
2023-12-18 12:17:34,125 1 INFO DBBCS odoo.modules.registry: module BCS: creating or updating database tables 
2023-12-18 12:17:34,953 1 INFO DBBCS odoo.models: Storing computed values of res.users.N_farms 
2023-12-18 12:17:35,504 1 INFO DBBCS odoo.modules.loading: loading BCS/security/ir.model.access.csv 
2023-12-18 12:17:35,817 1 INFO DBBCS odoo.models.unlink: User #1 deleted ir.model.data records with IDs: [17186] 
2023-12-18 12:17:35,829 1 INFO DBBCS odoo.models.unlink: User #1 deleted ir.model.data records with IDs: [17187] 
2023-12-18 12:17:35,846 1 INFO DBBCS odoo.models.unlink: User #1 deleted ir.model.data records with IDs: [17188] 
2023-12-18 12:17:35,863 1 WARNING DBBCS odoo.models: Creating record access.res.farm in module BCS. 
2023-12-18 12:17:35,868 1 WARNING DBBCS odoo.models: Creating record access.res.zone in module BCS. 
2023-12-18 12:17:35,869 1 WARNING DBBCS odoo.models: Creating record access.res.sensor in module BCS. 
2023-12-18 12:17:35,906 1 INFO DBBCS odoo.modules.loading: loading BCS/report/user_card.xml 
2023-12-18 12:17:35,996 1 INFO DBBCS odoo.modules.loading: loading BCS/report/report.xml 
2023-12-18 12:17:36,053 1 INFO DBBCS odoo.modules.loading: loading BCS/views/menu.xml 
2023-12-18 12:17:36,127 1 INFO DBBCS odoo.modules.loading: loading BCS/views/clients_view.xml 
2023-12-18 12:17:36,358 1 INFO DBBCS odoo.modules.loading: loading BCS/views/farms_view.xml 
2023-12-18 12:17:36,509 1 INFO DBBCS odoo.modules.loading: loading BCS/views/zones_view.xml 
2023-12-18 12:17:36,678 1 INFO DBBCS odoo.modules.loading: loading BCS/views/sensors_view.xml 
2023-12-18 12:17:37,274 1 INFO DBBCS odoo.addons.base.models.ir_translation: module BCS: no translation for language ar_001 
2023-12-18 12:17:37,422 1 INFO DBBCS odoo.addons.base.models.ir_translation: module BCS: no translation for language fr 
2023-12-18 12:17:37,639 1 WARNING DBBCS odoo.modules.loading: The models ['res.data'] have no access rules in module BCS, consider adding some, like:
id,name,model_id:id,group_id:id,perm_read,perm_write,perm_create,perm_unlink
BCS.access_res_data,access_res_data,BCS.model_res_data,base.group_user,1,0,0,0 
2023-12-18 12:17:37,684 1 INFO DBBCS odoo.modules.loading: Module BCS loaded in 4.50s, 318 queries 
2023-12-18 12:17:37,687 1 INFO DBBCS odoo.modules.loading: 36 modules loaded in 4.51s, 318 queries (+0 extra) 
2023-12-18 12:17:39,221 1 INFO DBBCS odoo.modules.loading: Modules loaded. 
2023-12-18 12:17:39,233 1 INFO DBBCS odoo.modules.registry: Registry loaded in 14.331s 
2023-12-18 12:17:39,236 1 INFO DBBCS odoo.addons.base.models.ir_module: getting next ir.actions.todo() 
2023-12-18 12:17:39,264 1 INFO DBBCS odoo.modules.registry: Registry changed, signaling through the database 
2023-12-18 12:17:39,275 1 INFO DBBCS werkzeug: 172.20.0.1 - - [18/Dec/2023 12:17:39] "POST /web/dataset/call_button HTTP/1.1" 200 - 1892 4.348 10.503
2023-12-18 12:17:39,350 1 INFO DBBCS odoo.addons.base.models.ir_http: Generating routing map for key 1 
2023-12-18 12:17:41,137 1 INFO DBBCS werkzeug: 172.20.0.1 - - [18/Dec/2023 12:17:41] "GET /web HTTP/1.1" 200 - 281 0.479 1.338
2023-12-18 12:17:41,244 1 INFO DBBCS werkzeug: 172.20.0.1 - - [18/Dec/2023 12:17:41] "GET /web/webclient/load_menus/5cfb3f8cc50c015abe9162ae6beb81e3fa355938663116fad27e1eb4277a9490 HTTP/1.1" 200 - 1 0.001 0.033
2023-12-18 12:17:42,850 1 INFO DBBCS werkzeug: 172.20.0.1 - - [18/Dec/2023 12:17:42] "POST /mail/init_messaging HTTP/1.1" 200 - 68 0.730 0.111
2023-12-18 12:17:42,896 1 INFO DBBCS werkzeug: 172.20.0.1 - - [18/Dec/2023 12:17:42] "POST /web/dataset/call_kw/res.users/systray_get_activities HTTP/1.1" 200 - 4 0.055 0.045
2023-12-18 12:17:43,073 1 INFO DBBCS werkzeug: 172.20.0.1 - - [18/Dec/2023 12:17:43] "POST /longpolling/im_status HTTP/1.1" 200 - 6 0.014 0.079
2023-12-18 12:17:43,173 1 INFO DBBCS werkzeug: 172.20.0.1 - - [18/Dec/2023 12:17:43] "POST /mail/load_message_failures HTTP/1.1" 200 - 3 0.110 0.074
2023-12-18 12:17:46,653 1 INFO DBBCS werkzeug: 172.20.0.1 - - [18/Dec/2023 12:17:46] "GET /web/image?model=res.users&field=avatar_128&id=2 HTTP/1.1" 200 - 7 0.025 0.080
2023-12-18 12:17:46,741 1 INFO DBBCS werkzeug: 172.20.0.1 - - [18/Dec/2023 12:17:46] "POST /web/action/load HTTP/1.1" 200 - 54 0.074 0.137
2023-12-18 12:17:46,998 1 INFO DBBCS werkzeug: 172.20.0.1 - - [18/Dec/2023 12:17:46] "POST /web/dataset/call_kw/res.users/load_views HTTP/1.1" 200 - 62 0.091 0.151
2023-12-18 12:17:47,045 1 ERROR DBBCS odoo.osv.expression: Non-stored field res.users.accesses_count cannot be searched. 
NoneType: None
2023-12-18 12:17:47,080 1 INFO DBBCS werkzeug: 172.20.0.1 - - [18/Dec/2023 12:17:47] "POST /web/dataset/search_read HTTP/1.1" 200 - 16 0.021 0.033
2023-12-18 12:17:47,119 1 INFO DBBCS werkzeug: 172.20.0.1 - - [18/Dec/2023 12:17:47] "POST /web/dataset/call_kw/res.users/has_group HTTP/1.1" 200 - 2 0.001 0.020
2023-12-18 12:17:49,107 1 INFO DBBCS werkzeug: 172.20.0.1 - - [18/Dec/2023 12:17:49] "POST /web/action/load HTTP/1.1" 200 - 13 0.011 0.032
2023-12-18 12:17:49,203 1 INFO DBBCS werkzeug: 172.20.0.1 - - [18/Dec/2023 12:17:49] "POST /web/dataset/call_kw/res.farm/load_views HTTP/1.1" 200 - 32 0.031 0.054
2023-12-18 12:17:49,251 1 INFO DBBCS werkzeug: 172.20.0.1 - - [18/Dec/2023 12:17:49] "POST /web/dataset/search_read HTTP/1.1" 200 - 3 0.009 0.024
2023-12-18 12:17:50,660 1 INFO DBBCS werkzeug: 172.20.0.1 - - [18/Dec/2023 12:17:50] "POST /web/dataset/call_kw/res.farm/onchange HTTP/1.1" 200 - 3 0.003 0.049
2023-12-18 12:17:52,348 1 INFO DBBCS werkzeug: 172.20.0.1 - - [18/Dec/2023 12:17:52] "POST /web/dataset/call_kw/res.users/name_search HTTP/1.1" 200 - 4 0.004 0.029
2023-12-18 12:17:53,564 1 INFO DBBCS werkzeug: 172.20.0.1 - - [18/Dec/2023 12:17:53] "POST /web/dataset/call_kw/res.farm/onchange HTTP/1.1" 200 - 1 0.001 0.025
2023-12-18 12:17:57,517 1 INFO DBBCS werkzeug: 172.20.0.1 - - [18/Dec/2023 12:17:57] "POST /web/dataset/call_kw/res.zone/onchange HTTP/1.1" 200 - 5 0.011 0.027
2023-12-18 12:17:57,559 1 INFO ? werkzeug: 172.20.0.1 - - [18/Dec/2023 12:17:57] "GET /web/static/src/legacy/xml/dialog.xml?debug=1702901877544 HTTP/1.1" 200 - - - -
2023-12-18 12:17:59,654 1 INFO DBBCS werkzeug: 172.20.0.1 - - [18/Dec/2023 12:17:59] "POST /web/dataset/call_kw/res.zone/onchange HTTP/1.1" 200 - 4 0.003 0.032
2023-12-18 12:18:00,079 1 INFO DBBCS werkzeug: 172.20.0.1 - - [18/Dec/2023 12:18:00] "POST /longpolling/poll HTTP/1.1" 200 - 13 0.072 50.052
2023-12-18 12:18:01,648 1 INFO DBBCS werkzeug: 172.20.0.1 - - [18/Dec/2023 12:18:01] "POST /web/dataset/call_kw/res.farm/create HTTP/1.1" 200 - 17 0.032 0.044
2023-12-18 12:18:01,711 1 INFO DBBCS werkzeug: 172.20.0.1 - - [18/Dec/2023 12:18:01] "POST /web/dataset/call_kw/res.farm/read HTTP/1.1" 200 - 8 0.028 0.024
2023-12-18 12:18:01,746 1 INFO DBBCS werkzeug: 172.20.0.1 - - [18/Dec/2023 12:18:01] "POST /web/dataset/call_kw/res.zone/read HTTP/1.1" 200 - 2 0.001 0.019
2023-12-18 12:18:24,759 1 INFO DBBCS werkzeug: 172.20.0.1 - - [18/Dec/2023 12:18:24] "POST /web/action/load HTTP/1.1" 200 - 11 0.011 0.069
2023-12-18 12:18:24,824 1 INFO DBBCS werkzeug: 172.20.0.1 - - [18/Dec/2023 12:18:24] "POST /web/dataset/call_kw/res.zone/load_views HTTP/1.1" 200 - 14 0.014 0.039
2023-12-18 12:18:24,861 1 INFO DBBCS werkzeug: 172.20.0.1 - - [18/Dec/2023 12:18:24] "POST /web/dataset/search_read HTTP/1.1" 200 - 3 0.002 0.019
2023-12-18 12:18:27,121 1 INFO DBBCS werkzeug: 172.20.0.1 - - [18/Dec/2023 12:18:27] "POST /web/dataset/call_kw/res.zone/onchange HTTP/1.1" 200 - 2 0.001 0.028
2023-12-18 12:18:28,640 1 INFO DBBCS werkzeug: 172.20.0.1 - - [18/Dec/2023 12:18:28] "POST /web/dataset/call_kw/res.farm/name_search HTTP/1.1" 200 - 3 0.003 0.026
2023-12-18 12:18:29,518 1 INFO DBBCS werkzeug: 172.20.0.1 - - [18/Dec/2023 12:18:29] "POST /web/dataset/call_kw/res.zone/onchange HTTP/1.1" 200 - 3 0.002 0.026
2023-12-18 12:18:33,235 1 INFO DBBCS werkzeug: 172.20.0.1 - - [18/Dec/2023 12:18:33] "POST /longpolling/poll HTTP/1.1" 200 - 13 0.018 50.195
2023-12-18 12:18:33,289 1 INFO DBBCS werkzeug: 172.20.0.1 - - [18/Dec/2023 12:18:33] "POST /longpolling/im_status HTTP/1.1" 200 - 4 0.004 0.126
2023-12-18 12:18:37,259 1 INFO DBBCS werkzeug: 172.20.0.1 - - [18/Dec/2023 12:18:37] "POST /web/dataset/call_kw/res.zone/create HTTP/1.1" 200 - 11 0.011 0.040
2023-12-18 12:18:37,299 1 INFO DBBCS werkzeug: 172.20.0.1 - - [18/Dec/2023 12:18:37] "POST /web/dataset/call_kw/res.zone/read HTTP/1.1" 200 - 6 0.005 0.022
2023-12-18 12:18:39,607 1 INFO DBBCS werkzeug: 172.20.0.1 - - [18/Dec/2023 12:18:39] "POST /web/dataset/search_read HTTP/1.1" 200 - 3 0.002 0.022
2023-12-18 12:18:47,929 1 INFO DBBCS werkzeug: 172.20.0.1 - - [18/Dec/2023 12:18:47] "POST /web/dataset/search_read HTTP/1.1" 200 - 5 0.004 0.025
2023-12-18 12:18:52,591 1 INFO DBBCS werkzeug: 172.20.0.1 - - [18/Dec/2023 12:18:52] "POST /web/dataset/call_kw/res.farm/read HTTP/1.1" 200 - 6 0.003 0.027
2023-12-18 12:18:52,626 1 INFO DBBCS werkzeug: 172.20.0.1 - - [18/Dec/2023 12:18:52] "POST /web/dataset/call_kw/res.zone/read HTTP/1.1" 200 - 2 0.002 0.021
2023-12-18 12:19:04,087 1 ERROR DBBCS odoo.osv.expression: Non-stored field res.users.accesses_count cannot be searched. 
NoneType: None
2023-12-18 12:19:04,111 1 INFO DBBCS werkzeug: 172.20.0.1 - - [18/Dec/2023 12:19:04] "POST /web/dataset/search_read HTTP/1.1" 200 - 8 0.007 0.035
2023-12-18 12:19:08,679 1 INFO DBBCS werkzeug: 172.20.0.1 - - [18/Dec/2023 12:19:08] "POST /web/dataset/search_read HTTP/1.1" 200 - 5 0.003 0.026
2023-12-18 12:19:23,305 1 INFO DBBCS werkzeug: 172.20.0.1 - - [18/Dec/2023 12:19:23] "POST /longpolling/poll HTTP/1.1" 200 - 9 0.008 50.047
2023-12-18 12:19:23,349 1 INFO DBBCS werkzeug: 172.20.0.1 - - [18/Dec/2023 12:19:23] "POST /longpolling/im_status HTTP/1.1" 200 - 4 0.005 0.026
2023-12-18 12:19:27,203 1 INFO DBBCS werkzeug: 172.20.0.1 - - [18/Dec/2023 12:19:27] "POST /web/dataset/search_read HTTP/1.1" 200 - 5 0.003 0.027
2023-12-18 12:19:30,947 1 INFO DBBCS werkzeug: 172.20.0.1 - - [18/Dec/2023 12:19:30] "POST /web/dataset/search_read HTTP/1.1" 200 - 5 0.003 0.026
2023-12-18 12:19:31,432 1 INFO DBBCS werkzeug: 172.20.0.1 - - [18/Dec/2023 12:19:31] "POST /web/dataset/search_read HTTP/1.1" 200 - 3 0.002 0.021
2023-12-18 12:19:32,217 1 INFO DBBCS werkzeug: 172.20.0.1 - - [18/Dec/2023 12:19:32] "POST /web/action/load HTTP/1.1" 200 - 11 0.015 0.035
2023-12-18 12:19:32,272 1 INFO DBBCS werkzeug: 172.20.0.1 - - [18/Dec/2023 12:19:32] "POST /web/dataset/call_kw/res.sensor/load_views HTTP/1.1" 200 - 14 0.013 0.031
2023-12-18 12:19:32,307 1 INFO DBBCS werkzeug: 172.20.0.1 - - [18/Dec/2023 12:19:32] "POST /web/dataset/search_read HTTP/1.1" 200 - 2 0.001 0.019
2023-12-18 12:19:33,056 1 INFO DBBCS werkzeug: 172.20.0.1 - - [18/Dec/2023 12:19:33] "POST /web/dataset/search_read HTTP/1.1" 200 - 5 0.003 0.023
2023-12-18 12:19:33,384 1 INFO DBBCS werkzeug: 172.20.0.1 - - [18/Dec/2023 12:19:33] "POST /web/dataset/search_read HTTP/1.1" 200 - 3 0.003 0.023
2023-12-18 12:19:33,674 1 INFO DBBCS werkzeug: 172.20.0.1 - - [18/Dec/2023 12:19:33] "POST /web/dataset/search_read HTTP/1.1" 200 - 2 0.001 0.023
2023-12-18 12:19:34,022 1 INFO DBBCS werkzeug: 172.20.0.1 - - [18/Dec/2023 12:19:34] "POST /web/dataset/search_read HTTP/1.1" 200 - 5 0.003 0.024
2023-12-18 12:19:34,363 1 INFO DBBCS werkzeug: 172.20.0.1 - - [18/Dec/2023 12:19:34] "POST /web/dataset/search_read HTTP/1.1" 200 - 3 0.002 0.022
2023-12-18 12:19:34,646 1 INFO DBBCS werkzeug: 172.20.0.1 - - [18/Dec/2023 12:19:34] "POST /web/dataset/search_read HTTP/1.1" 200 - 2 0.001 0.025
2023-12-18 12:19:34,914 1 INFO DBBCS werkzeug: 172.20.0.1 - - [18/Dec/2023 12:19:34] "POST /web/dataset/search_read HTTP/1.1" 200 - 3 0.001 0.023
2023-12-18 12:19:35,240 1 INFO DBBCS werkzeug: 172.20.0.1 - - [18/Dec/2023 12:19:35] "POST /web/dataset/search_read HTTP/1.1" 200 - 5 0.005 0.032
2023-12-18 12:19:35,485 1 INFO DBBCS werkzeug: 172.20.0.1 - - [18/Dec/2023 12:19:35] "POST /web/dataset/search_read HTTP/1.1" 200 - 3 0.002 0.022
2023-12-18 12:19:36,089 1 INFO DBBCS werkzeug: 172.20.0.1 - - [18/Dec/2023 12:19:36] "POST /web/dataset/search_read HTTP/1.1" 200 - 3 0.001 0.022
2023-12-18 12:19:36,402 1 INFO DBBCS werkzeug: 172.20.0.1 - - [18/Dec/2023 12:19:36] "POST /web/dataset/search_read HTTP/1.1" 200 - 5 0.004 0.031
2023-12-18 12:19:36,707 1 INFO DBBCS werkzeug: 172.20.0.1 - - [18/Dec/2023 12:19:36] "POST /web/dataset/search_read HTTP/1.1" 200 - 2 0.002 0.038
2023-12-18 12:19:37,169 1 INFO DBBCS werkzeug: 172.20.0.1 - - [18/Dec/2023 12:19:37] "POST /web/dataset/search_read HTTP/1.1" 200 - 3 0.001 0.022
2023-12-18 12:19:37,508 1 INFO DBBCS werkzeug: 172.20.0.1 - - [18/Dec/2023 12:19:37] "POST /web/dataset/search_read HTTP/1.1" 200 - 5 0.004 0.030
2023-12-18 12:19:37,787 1 INFO DBBCS werkzeug: 172.20.0.1 - - [18/Dec/2023 12:19:37] "POST /web/dataset/search_read HTTP/1.1" 200 - 3 0.002 0.023
2023-12-18 12:19:38,041 1 INFO DBBCS werkzeug: 172.20.0.1 - - [18/Dec/2023 12:19:38] "POST /web/dataset/search_read HTTP/1.1" 200 - 2 0.001 0.021
2023-12-18 12:19:38,305 1 INFO DBBCS werkzeug: 172.20.0.1 - - [18/Dec/2023 12:19:38] "POST /web/dataset/search_read HTTP/1.1" 200 - 3 0.001 0.023
2023-12-18 12:19:38,607 1 INFO DBBCS werkzeug: 172.20.0.1 - - [18/Dec/2023 12:19:38] "POST /web/dataset/search_read HTTP/1.1" 200 - 5 0.003 0.026
2023-12-18 12:19:38,918 1 INFO DBBCS werkzeug: 172.20.0.1 - - [18/Dec/2023 12:19:38] "POST /web/dataset/search_read HTTP/1.1" 200 - 3 0.002 0.025
2023-12-18 12:19:39,538 1 INFO DBBCS werkzeug: 172.20.0.1 - - [18/Dec/2023 12:19:39] "POST /web/dataset/search_read HTTP/1.1" 200 - 3 0.001 0.021
2023-12-18 12:19:39,870 1 INFO DBBCS werkzeug: 172.20.0.1 - - [18/Dec/2023 12:19:39] "POST /web/dataset/search_read HTTP/1.1" 200 - 5 0.003 0.027
2023-12-18 12:19:40,209 1 INFO DBBCS werkzeug: 172.20.0.1 - - [18/Dec/2023 12:19:40] "POST /web/dataset/search_read HTTP/1.1" 200 - 3 0.002 0.020
2023-12-18 12:19:40,486 1 INFO DBBCS werkzeug: 172.20.0.1 - - [18/Dec/2023 12:19:40] "POST /web/dataset/search_read HTTP/1.1" 200 - 2 0.002 0.020
2023-12-18 12:19:40,968 1 INFO DBBCS werkzeug: 172.20.0.1 - - [18/Dec/2023 12:19:40] "POST /web/dataset/search_read HTTP/1.1" 200 - 3 0.001 0.021
2023-12-18 12:19:41,285 1 INFO DBBCS werkzeug: 172.20.0.1 - - [18/Dec/2023 12:19:41] "POST /web/dataset/search_read HTTP/1.1" 200 - 5 0.003 0.023
2023-12-18 12:19:41,559 1 INFO DBBCS werkzeug: 172.20.0.1 - - [18/Dec/2023 12:19:41] "POST /web/dataset/search_read HTTP/1.1" 200 - 3 0.002 0.035
2023-12-18 12:19:41,804 1 INFO DBBCS werkzeug: 172.20.0.1 - - [18/Dec/2023 12:19:41] "POST /web/dataset/search_read HTTP/1.1" 200 - 2 0.001 0.024
2023-12-18 12:19:42,058 1 INFO DBBCS werkzeug: 172.20.0.1 - - [18/Dec/2023 12:19:42] "POST /web/dataset/search_read HTTP/1.1" 200 - 3 0.002 0.023
2023-12-18 12:19:42,311 1 INFO DBBCS werkzeug: 172.20.0.1 - - [18/Dec/2023 12:19:42] "POST /web/dataset/search_read HTTP/1.1" 200 - 5 0.003 0.025
2023-12-18 12:19:42,526 1 ERROR DBBCS odoo.osv.expression: Non-stored field res.users.accesses_count cannot be searched. 
NoneType: None
2023-12-18 12:19:42,558 1 INFO DBBCS werkzeug: 172.20.0.1 - - [18/Dec/2023 12:19:42] "POST /web/dataset/search_read HTTP/1.1" 200 - 8 0.010 0.042
2023-12-18 12:20:13,374 1 INFO DBBCS werkzeug: 172.20.0.1 - - [18/Dec/2023 12:20:13] "POST /longpolling/poll HTTP/1.1" 200 - 9 0.008 50.047
2023-12-18 12:20:13,421 1 INFO DBBCS werkzeug: 172.20.0.1 - - [18/Dec/2023 12:20:13] "POST /longpolling/im_status HTTP/1.1" 200 - 4 0.005 0.044
2023-12-18 12:20:17,131 1 INFO DBBCS werkzeug: 172.20.0.1 - - [18/Dec/2023 12:20:17] "POST /web/dataset/call_kw/res.users/onchange HTTP/1.1" 200 - 24 0.050 0.072
2023-12-18 12:20:17,173 1 INFO DBBCS werkzeug: 172.20.0.1 - - [18/Dec/2023 12:20:17] "POST /web/dataset/call_kw/res.company/read HTTP/1.1" 200 - 7 0.006 0.023
2023-12-18 12:20:17,217 1 INFO ? werkzeug: 172.20.0.1 - - [18/Dec/2023 12:20:17] "GET /web/static/src/legacy/xml/ribbon.xml?debug=1702902017197 HTTP/1.1" 200 - - - -
2023-12-18 12:20:17,464 1 INFO DBBCS werkzeug: 172.20.0.1 - - [18/Dec/2023 12:20:17] "POST /web/dataset/call_kw/ HTTP/1.1" 200 - 17 0.021 0.171
2023-12-18 12:20:17,744 1 INFO DBBCS odoo.http: <function odoo.addons.web_editor.controllers.main.public_render_template> called ignoring args <kwargs={'context': {'lang': 'en_US', 'tz': 'Africa/Casablanca', 'uid': 2}}> 
2023-12-18 12:20:17,888 1 INFO DBBCS werkzeug: 172.20.0.1 - - [18/Dec/2023 12:20:17] "POST /web_editor/public_render_template HTTP/1.1" 200 - 40 0.050 0.158
2023-12-18 12:20:18,009 1 INFO DBBCS werkzeug: 172.20.0.1 - - [18/Dec/2023 12:20:18] "POST /web/dataset/call_kw/res.users/has_group HTTP/1.1" 200 - 1 0.000 0.020
2023-12-18 12:20:18,030 1 INFO ? werkzeug: 172.20.0.1 - - [18/Dec/2023 12:20:18] "GET /web_editor/static/src/xml/editor.xml?debug=1702902018014 HTTP/1.1" 200 - - - -
2023-12-18 12:20:19,571 1 ERROR DBBCS odoo.osv.expression: Non-stored field res.users.accesses_count cannot be searched. 
NoneType: None
2023-12-18 12:20:19,596 1 INFO DBBCS werkzeug: 172.20.0.1 - - [18/Dec/2023 12:20:19] "POST /web/dataset/search_read HTTP/1.1" 200 - 8 0.005 0.041
2023-12-18 12:20:20,835 1 INFO DBBCS werkzeug: 172.20.0.1 - - [18/Dec/2023 12:20:20] "POST /web/dataset/search_read HTTP/1.1" 200 - 5 0.006 0.041
2023-12-18 12:20:23,492 1 INFO DBBCS werkzeug: 172.20.0.1 - - [18/Dec/2023 12:20:23] "POST /web/dataset/call_kw/res.farm/onchange HTTP/1.1" 200 - 2 0.001 0.024
2023-12-18 12:20:25,447 1 INFO DBBCS werkzeug: 172.20.0.1 - - [18/Dec/2023 12:20:25] "POST /web/dataset/call_kw/res.users/name_search HTTP/1.1" 200 - 4 0.004 0.026
2023-12-18 12:20:27,164 1 INFO DBBCS werkzeug: 172.20.0.1 - - [18/Dec/2023 12:20:27] "POST /web/dataset/call_kw/res.farm/onchange HTTP/1.1" 200 - 1 0.001 0.023
2023-12-18 12:20:29,104 1 INFO DBBCS werkzeug: 172.20.0.1 - - [18/Dec/2023 12:20:29] "POST /web/dataset/call_kw/res.zone/onchange HTTP/1.1" 200 - 4 0.003 0.031
2023-12-18 12:20:41,742 1 INFO DBBCS werkzeug: 172.20.0.1 - - [18/Dec/2023 12:20:41] "POST /web/dataset/call_kw/res.farm/create HTTP/1.1" 200 - 13 0.009 0.043
2023-12-18 12:20:41,781 1 INFO DBBCS werkzeug: 172.20.0.1 - - [18/Dec/2023 12:20:41] "POST /web/dataset/call_kw/res.farm/read HTTP/1.1" 200 - 6 0.003 0.024
2023-12-18 12:20:41,816 1 INFO DBBCS werkzeug: 172.20.0.1 - - [18/Dec/2023 12:20:41] "POST /web/dataset/call_kw/res.zone/read HTTP/1.1" 200 - 2 0.001 0.022
2023-12-18 12:21:03,451 1 INFO DBBCS werkzeug: 172.20.0.1 - - [18/Dec/2023 12:21:03] "POST /longpolling/poll HTTP/1.1" 200 - 9 0.014 50.047
2023-12-18 12:21:03,479 1 INFO DBBCS werkzeug: 172.20.0.1 - - [18/Dec/2023 12:21:03] "POST /longpolling/im_status HTTP/1.1" 200 - 4 0.005 0.025
2023-12-18 12:21:17,401 1 INFO DBBCS werkzeug: 172.20.0.1 - - [18/Dec/2023 12:21:17] "POST /web/dataset/call_kw/res.zone/onchange HTTP/1.1" 200 - 4 0.003 0.029
2023-12-18 12:21:21,662 1 INFO DBBCS werkzeug: 172.20.0.1 - - [18/Dec/2023 12:21:21] "POST /web/dataset/call_kw/res.sensor/onchange HTTP/1.1" 200 - 3 0.013 0.024
2023-12-18 12:21:28,609 1 INFO DBBCS werkzeug: 172.20.0.1 - - [18/Dec/2023 12:21:28] "POST /web/dataset/call_kw/res.zone/onchange HTTP/1.1" 200 - 4 0.003 0.028
2023-12-18 12:21:31,118 1 INFO DBBCS werkzeug: 172.20.0.1 - - [18/Dec/2023 12:21:31] "POST /web/dataset/call_kw/res.farm/write HTTP/1.1" 200 - 13 0.010 0.035
2023-12-18 12:21:31,157 1 INFO DBBCS werkzeug: 172.20.0.1 - - [18/Dec/2023 12:21:31] "POST /web/dataset/call_kw/res.farm/read HTTP/1.1" 200 - 6 0.003 0.025
2023-12-18 12:21:31,194 1 INFO DBBCS werkzeug: 172.20.0.1 - - [18/Dec/2023 12:21:31] "POST /web/dataset/call_kw/res.zone/read HTTP/1.1" 200 - 2 0.001 0.024
2023-12-18 12:21:41,405 1 INFO DBBCS werkzeug: 172.20.0.1 - - [18/Dec/2023 12:21:41] "POST /web/dataset/search_read HTTP/1.1" 200 - 5 0.003 0.025
2023-12-18 12:21:45,422 1 INFO DBBCS werkzeug: 172.20.0.1 - - [18/Dec/2023 12:21:45] "POST /web/dataset/call_kw/res.farm/onchange HTTP/1.1" 200 - 2 0.001 0.024
2023-12-18 12:21:46,888 1 INFO DBBCS werkzeug: 172.20.0.1 - - [18/Dec/2023 12:21:46] "POST /web/dataset/call_kw/res.users/name_search HTTP/1.1" 200 - 4 0.003 0.026
2023-12-18 12:21:48,692 1 INFO DBBCS werkzeug: 172.20.0.1 - - [18/Dec/2023 12:21:48] "POST /web/dataset/call_kw/res.farm/onchange HTTP/1.1" 200 - 1 0.001 0.026
2023-12-18 12:21:49,561 1 INFO DBBCS werkzeug: 172.20.0.1 - - [18/Dec/2023 12:21:49] "POST /web/dataset/call_kw/res.farm/create HTTP/1.1" 200 - 11 0.013 0.037
2023-12-18 12:21:49,604 1 INFO DBBCS werkzeug: 172.20.0.1 - - [18/Dec/2023 12:21:49] "POST /web/dataset/call_kw/res.farm/read HTTP/1.1" 200 - 5 0.003 0.025
2023-12-18 12:21:50,040 1 INFO DBBCS werkzeug: 172.20.0.1 - - [18/Dec/2023 12:21:50] "POST /web/dataset/search_read HTTP/1.1" 200 - 5 0.013 0.039
2023-12-18 12:21:53,514 1 INFO DBBCS werkzeug: 172.20.0.1 - - [18/Dec/2023 12:21:53] "POST /longpolling/poll HTTP/1.1" 200 - 9 0.007 50.041
2023-12-18 12:21:53,540 1 INFO DBBCS werkzeug: 172.20.0.1 - - [18/Dec/2023 12:21:53] "POST /longpolling/im_status HTTP/1.1" 200 - 4 0.006 0.034
2023-12-18 12:21:55,042 1 INFO DBBCS werkzeug: 172.20.0.1 - - [18/Dec/2023 12:21:55] "POST /web/dataset/call_kw/res.farm/onchange HTTP/1.1" 200 - 2 0.002 0.030
2023-12-18 12:21:56,042 1 INFO DBBCS werkzeug: 172.20.0.1 - - [18/Dec/2023 12:21:56] "POST /web/dataset/call_kw/res.users/name_search HTTP/1.1" 200 - 4 0.004 0.032
2023-12-18 12:21:57,298 1 INFO DBBCS werkzeug: 172.20.0.1 - - [18/Dec/2023 12:21:57] "POST /web/dataset/call_kw/res.farm/onchange HTTP/1.1" 200 - 1 0.001 0.025
2023-12-18 12:21:58,420 1 INFO DBBCS werkzeug: 172.20.0.1 - - [18/Dec/2023 12:21:58] "POST /web/dataset/call_kw/res.farm/create HTTP/1.1" 200 - 11 0.008 0.037
2023-12-18 12:21:58,461 1 INFO DBBCS werkzeug: 172.20.0.1 - - [18/Dec/2023 12:21:58] "POST /web/dataset/call_kw/res.farm/read HTTP/1.1" 200 - 5 0.003 0.025
2023-12-18 12:21:59,479 1 INFO DBBCS werkzeug: 172.20.0.1 - - [18/Dec/2023 12:21:59] "POST /web/dataset/search_read HTTP/1.1" 200 - 5 0.003 0.027
2023-12-18 12:22:01,036 1 INFO DBBCS werkzeug: 172.20.0.1 - - [18/Dec/2023 12:22:01] "POST /web/dataset/call_kw/res.farm/onchange HTTP/1.1" 200 - 2 0.002 0.027
2023-12-18 12:22:02,110 1 INFO DBBCS werkzeug: 172.20.0.1 - - [18/Dec/2023 12:22:02] "POST /web/dataset/call_kw/res.users/name_search HTTP/1.1" 200 - 4 0.004 0.027
2023-12-18 12:22:03,446 1 INFO DBBCS werkzeug: 172.20.0.1 - - [18/Dec/2023 12:22:03] "POST /web/dataset/call_kw/res.farm/onchange HTTP/1.1" 200 - 1 0.001 0.022
2023-12-18 12:22:04,425 1 INFO DBBCS werkzeug: 172.20.0.1 - - [18/Dec/2023 12:22:04] "POST /web/dataset/call_kw/res.zone/onchange HTTP/1.1" 200 - 4 0.003 0.028
2023-12-18 12:22:43,640 1 INFO DBBCS werkzeug: 172.20.0.1 - - [18/Dec/2023 12:22:43] "POST /longpolling/poll HTTP/1.1" 200 - 9 0.008 50.100
2023-12-18 12:22:43,699 1 INFO DBBCS werkzeug: 172.20.0.1 - - [18/Dec/2023 12:22:43] "POST /longpolling/im_status HTTP/1.1" 200 - 4 0.004 0.115
2023-12-18 12:23:33,783 1 INFO DBBCS werkzeug: 172.20.0.1 - - [18/Dec/2023 12:23:33] "POST /longpolling/poll HTTP/1.1" 200 - 9 0.011 50.094
2023-12-18 12:23:33,816 1 INFO DBBCS werkzeug: 172.20.0.1 - - [18/Dec/2023 12:23:33] "POST /longpolling/im_status HTTP/1.1" 200 - 4 0.009 0.067
2023-12-18 12:24:19,049 1 INFO DBBCS werkzeug: 172.20.0.1 - - [18/Dec/2023 12:24:19] "GET /WSC/static/src/js/6S_char.js HTTP/1.1" 404 - 2 0.003 0.043
2023-12-18 12:24:19,648 1 INFO DBBCS werkzeug: 172.20.0.1 - - [18/Dec/2023 12:24:19] "GET /web/image?model=res.users&id=2&field=avatar_128& HTTP/1.1" 200 - 7 0.008 0.085
2023-12-18 12:24:23,851 1 INFO DBBCS werkzeug: 172.20.0.1 - - [18/Dec/2023 12:24:23] "POST /longpolling/poll HTTP/1.1" 200 - 9 0.006 50.035
2023-12-18 12:24:23,994 1 INFO DBBCS werkzeug: 172.20.0.1 - - [18/Dec/2023 12:24:23] "POST /longpolling/im_status HTTP/1.1" 200 - 4 0.003 0.026
2023-12-18 12:25:13,914 1 INFO DBBCS werkzeug: 172.20.0.1 - - [18/Dec/2023 12:25:13] "POST /longpolling/poll HTTP/1.1" 200 - 9 0.008 50.042
2023-12-18 12:25:15,017 1 INFO DBBCS werkzeug: 172.20.0.1 - - [18/Dec/2023 12:25:15] "POST /longpolling/im_status HTTP/1.1" 200 - 4 0.004 0.034
2023-12-18 12:26:03,997 1 INFO DBBCS werkzeug: 172.20.0.1 - - [18/Dec/2023 12:26:03] "POST /longpolling/poll HTTP/1.1" 200 - 9 0.008 50.062
2023-12-18 12:26:06,039 1 INFO DBBCS werkzeug: 172.20.0.1 - - [18/Dec/2023 12:26:06] "POST /longpolling/im_status HTTP/1.1" 200 - 4 0.008 0.059
2023-12-18 12:26:54,084 1 INFO DBBCS werkzeug: 172.20.0.1 - - [18/Dec/2023 12:26:54] "POST /longpolling/poll HTTP/1.1" 200 - 9 0.007 50.053
2023-12-18 12:26:56,998 1 INFO DBBCS werkzeug: 172.20.0.1 - - [18/Dec/2023 12:26:56] "POST /longpolling/im_status HTTP/1.1" 200 - 4 0.005 0.031
2023-12-18 12:27:44,167 1 INFO DBBCS werkzeug: 172.20.0.1 - - [18/Dec/2023 12:27:44] "POST /longpolling/poll HTTP/1.1" 200 - 9 0.007 50.056
2023-12-18 12:27:47,987 1 INFO DBBCS werkzeug: 172.20.0.1 - - [18/Dec/2023 12:27:47] "POST /longpolling/im_status HTTP/1.1" 200 - 4 0.003 0.025
2023-12-18 12:28:34,234 1 INFO DBBCS werkzeug: 172.20.0.1 - - [18/Dec/2023 12:28:34] "POST /longpolling/poll HTTP/1.1" 200 - 9 0.007 50.040
2023-12-18 12:28:38,976 1 INFO DBBCS werkzeug: 172.20.0.1 - - [18/Dec/2023 12:28:38] "POST /longpolling/im_status HTTP/1.1" 200 - 4 0.003 0.022
2023-12-18 12:29:24,298 1 INFO DBBCS werkzeug: 172.20.0.1 - - [18/Dec/2023 12:29:24] "POST /longpolling/poll HTTP/1.1" 200 - 9 0.006 50.048
2023-12-18 12:29:29,987 1 INFO DBBCS werkzeug: 172.20.0.1 - - [18/Dec/2023 12:29:29] "POST /longpolling/im_status HTTP/1.1" 200 - 4 0.003 0.025
2023-12-18 12:30:14,384 1 INFO DBBCS werkzeug: 172.20.0.1 - - [18/Dec/2023 12:30:14] "POST /longpolling/poll HTTP/1.1" 200 - 9 0.007 50.053
2023-12-18 12:30:21,014 1 INFO DBBCS werkzeug: 172.20.0.1 - - [18/Dec/2023 12:30:21] "POST /longpolling/im_status HTTP/1.1" 200 - 4 0.006 0.041
2023-12-18 12:31:04,469 1 INFO DBBCS werkzeug: 172.20.0.1 - - [18/Dec/2023 12:31:04] "POST /longpolling/poll HTTP/1.1" 200 - 9 0.008 50.049
2023-12-18 12:31:11,993 1 INFO DBBCS werkzeug: 172.20.0.1 - - [18/Dec/2023 12:31:11] "POST /longpolling/im_status HTTP/1.1" 200 - 4 0.003 0.028
2023-12-18 12:31:54,513 1 INFO DBBCS werkzeug: 172.20.0.1 - - [18/Dec/2023 12:31:54] "POST /longpolling/poll HTTP/1.1" 200 - 9 0.005 50.028
2023-12-18 12:32:03,035 1 INFO DBBCS werkzeug: 172.20.0.1 - - [18/Dec/2023 12:32:03] "POST /longpolling/im_status HTTP/1.1" 200 - 4 0.006 0.047
2023-12-18 12:32:44,585 1 INFO DBBCS werkzeug: 172.20.0.1 - - [18/Dec/2023 12:32:44] "POST /longpolling/poll HTTP/1.1" 200 - 9 0.008 50.053
2023-12-18 12:32:54,025 1 INFO DBBCS werkzeug: 172.20.0.1 - - [18/Dec/2023 12:32:54] "POST /longpolling/im_status HTTP/1.1" 200 - 4 0.006 0.051
2023-12-18 12:33:34,663 1 INFO DBBCS werkzeug: 172.20.0.1 - - [18/Dec/2023 12:33:34] "POST /longpolling/poll HTTP/1.1" 200 - 9 0.007 50.052
2023-12-18 12:33:44,982 1 INFO DBBCS werkzeug: 172.20.0.1 - - [18/Dec/2023 12:33:44] "POST /longpolling/im_status HTTP/1.1" 200 - 4 0.003 0.022
2023-12-18 12:34:24,754 1 INFO DBBCS werkzeug: 172.20.0.1 - - [18/Dec/2023 12:34:24] "POST /longpolling/poll HTTP/1.1" 200 - 9 0.010 50.060
2023-12-18 12:34:36,001 1 INFO DBBCS werkzeug: 172.20.0.1 - - [18/Dec/2023 12:34:36] "POST /longpolling/im_status HTTP/1.1" 200 - 4 0.003 0.027
2023-12-18 12:35:14,838 1 INFO DBBCS werkzeug: 172.20.0.1 - - [18/Dec/2023 12:35:14] "POST /longpolling/poll HTTP/1.1" 200 - 9 0.008 50.057
2023-12-18 12:35:26,998 1 INFO DBBCS werkzeug: 172.20.0.1 - - [18/Dec/2023 12:35:26] "POST /longpolling/im_status HTTP/1.1" 200 - 4 0.004 0.032
2023-12-18 12:36:04,922 1 INFO DBBCS werkzeug: 172.20.0.1 - - [18/Dec/2023 12:36:04] "POST /longpolling/poll HTTP/1.1" 200 - 9 0.008 50.056
2023-12-18 12:36:18,015 1 INFO DBBCS werkzeug: 172.20.0.1 - - [18/Dec/2023 12:36:18] "POST /longpolling/im_status HTTP/1.1" 200 - 4 0.005 0.042
2023-12-18 12:36:55,026 1 INFO DBBCS werkzeug: 172.20.0.1 - - [18/Dec/2023 12:36:55] "POST /longpolling/poll HTTP/1.1" 200 - 9 0.010 50.065
2023-12-18 12:37:08,996 1 INFO DBBCS werkzeug: 172.20.0.1 - - [18/Dec/2023 12:37:08] "POST /longpolling/im_status HTTP/1.1" 200 - 4 0.004 0.027
2023-12-18 12:37:45,113 1 INFO DBBCS werkzeug: 172.20.0.1 - - [18/Dec/2023 12:37:45] "POST /longpolling/poll HTTP/1.1" 200 - 9 0.010 50.060
2023-12-18 12:38:00,043 1 INFO DBBCS werkzeug: 172.20.0.1 - - [18/Dec/2023 12:38:00] "POST /longpolling/im_status HTTP/1.1" 200 - 4 0.004 0.036
2023-12-18 12:38:35,213 1 INFO DBBCS werkzeug: 172.20.0.1 - - [18/Dec/2023 12:38:35] "POST /longpolling/poll HTTP/1.1" 200 - 9 0.009 50.068
2023-12-18 12:38:50,994 1 INFO DBBCS werkzeug: 172.20.0.1 - - [18/Dec/2023 12:38:50] "POST /longpolling/im_status HTTP/1.1" 200 - 4 0.005 0.035
2023-12-18 12:39:25,308 1 INFO DBBCS werkzeug: 172.20.0.1 - - [18/Dec/2023 12:39:25] "POST /longpolling/poll HTTP/1.1" 200 - 9 0.008 50.063
2023-12-18 12:39:41,979 1 INFO DBBCS werkzeug: 172.20.0.1 - - [18/Dec/2023 12:39:41] "POST /longpolling/im_status HTTP/1.1" 200 - 4 0.003 0.023
2023-12-18 12:39:47,031 1 INFO ? odoo.service.server: Initiating shutdown 
2023-12-18 12:39:47,034 1 INFO ? odoo.service.server: Hit CTRL-C again or send a second signal to force the shutdown. 
2023-12-18 12:39:47,464 1 INFO ? odoo.sql_db: ConnectionPool(used=0/count=0/max=64): Closed 5 connections  
2023-12-18 12:39:47,977 1 INFO DBBCS werkzeug: 172.20.0.1 - - [18/Dec/2023 12:39:47] "POST /longpolling/poll HTTP/1.1" 200 - 9 0.015 22.628
